{"meta": {"format": 3, "version": "7.13.5", "timestamp": "2026-03-26T19:53:27.964090", "branch_coverage": false, "show_contexts": false}, "files": {"src/__init__.py": {"executed_lines": [], "summary": {"covered_lines": 0, "num_statements": 0, "percent_covered": 100.0, "percent_covered_display": "100", "missing_lines": 0, "excluded_lines": 0, "percent_statements_covered": 100.0, "percent_statements_covered_display": "100"}, "missing_lines": [], "excluded_lines": [], "functions": {"": {"executed_lines": [], "summary": {"covered_lines": 0, "num_statements": 0, "percent_covered": 100.0, "percent_covered_display": "100", "missing_lines": 0, "excluded_lines": 0, "percent_statements_covered": 100.0, "percent_statements_covered_display": "100"}, "missing_lines": [], "excluded_lines": [], "start_line": 1}}, "classes": {"": {"executed_lines": [], "summary": {"covered_lines": 0, "num_statements": 0, "percent_covered": 100.0, "percent_covered_display": "100", "missing_lines": 0, "excluded_lines": 0, "percent_statements_covered": 100.0, "percent_statements_covered_display": "100"}, "missing_lines": [], "excluded_lines": [], "start_line": 1}}}, "src/api/__init__.py": {"executed_lines": [], "summary": {"covered_lines": 0, "num_statements": 0, "percent_covered": 100.0, "percent_covered_display": "100", "missing_lines": 0, "excluded_lines": 0, "percent_statements_covered": 100.0, "percent_statements_covered_display": "100"}, "missing_lines": [], "excluded_lines": [], "functions": {"": {"executed_lines": [], "summary": {"covered_lines": 0, "num_statements": 0, "percent_covered": 100.0, "percent_covered_display": "100", "missing_lines": 0, "excluded_lines": 0, "percent_statements_covered": 100.0, "percent_statements_covered_display": "100"}, "missing_lines": [], "excluded_lines": [], "start_line": 1}}, "classes": {"": {"executed_lines": [], "summary": {"covered_lines": 0, "num_statements": 0, "percent_covered": 100.0, "percent_covered_display": "100", "missing_lines": 0, "excluded_lines": 0, "percent_statements_covered": 100.0, "percent_statements_covered_display": "100"}, "missing_lines": [], "excluded_lines": [], "start_line": 1}}}, "src/api/deps.py": {"executed_lines": [1, 2, 4, 5, 6, 7, 10, 17, 18, 19, 20, 21, 25, 26, 30, 33, 37, 40, 44, 47, 51], "summary": {"covered_lines": 21, "num_statements": 21, "percent_covered": 100.0, "percent_covered_display": "100", "missing_lines": 0, "excluded_lines": 0, "percent_statements_covered": 100.0, "percent_statements_covered_display": "100"}, "missing_lines": [], "excluded_lines": [], "functions": {"_require_user": {"executed_lines": [17, 18, 19, 20, 21, 25, 26, 30], "summary": {"covered_lines": 8, "num_statements": 8, "percent_covered": 100.0, "percent_covered_display": "100", "missing_lines": 0, "excluded_lines": 0, "percent_statements_covered": 100.0, "percent_statements_covered_display": "100"}, "missing_lines": [], "excluded_lines": [], "start_line": 10}, "get_current_user_obj": {"executed_lines": [37], "summary": {"covered_lines": 1, "num_statements": 1, "percent_covered": 100.0, "percent_covered_display": "100", "missing_lines": 0, "excluded_lines": 0, "percent_statements_covered": 100.0, "percent_statements_covered_display": "100"}, "missing_lines": [], "excluded_lines": [], "start_line": 33}, "get_admin_user": {"executed_lines": [44], "summary": {"covered_lines": 1, "num_statements": 1, "percent_covered": 100.0, "percent_covered_display": "100", "missing_lines": 0, "excluded_lines": 0, "percent_statements_covered": 100.0, "percent_statements_covered_display": "100"}, "missing_lines": [], "excluded_lines": [], "start_line": 40}, "get_specialist_user": {"executed_lines": [51], "summary": {"covered_lines": 1, "num_statements": 1, "percent_covered": 100.0, "percent_covered_display": "100", "missing_lines": 0, "excluded_lines": 0, "percent_statements_covered": 100.0, "percent_statements_covered_display": "100"}, "missing_lines": [], "excluded_lines": [], "start_line": 47}, "": {"executed_lines": [1, 2, 4, 5, 6, 7, 10, 33, 40, 47], "summary": {"covered_lines": 10, "num_statements": 10, "percent_covered": 100.0, "percent_covered_display": "100", "missing_lines": 0, "excluded_lines": 0, "percent_statements_covered": 100.0, "percent_statements_covered_display": "100"}, "missing_lines": [], "excluded_lines": [], "start_line": 1}}, "classes": {"": {"executed_lines": [1, 2, 4, 5, 6, 7, 10, 17, 18, 19, 20, 21, 25, 26, 30, 33, 37, 40, 44, 47, 51], "summary": {"covered_lines": 21, "num_statements": 21, "percent_covered": 100.0, "percent_covered_display": "100", "missing_lines": 0, "excluded_lines": 0, "percent_statements_covered": 100.0, "percent_statements_covered_display": "100"}, "missing_lines": [], "excluded_lines": [], "start_line": 1}}}, "src/api/endpoints/__init__.py": {"executed_lines": [1, 3], "summary": {"covered_lines": 2, "num_statements": 2, "percent_covered": 100.0, "percent_covered_display": "100", "missing_lines": 0, "excluded_lines": 0, "percent_statements_covered": 100.0, "percent_statements_covered_display": "100"}, "missing_lines": [], "excluded_lines": [], "functions": {"": {"executed_lines": [1, 3], "summary": {"covered_lines": 2, "num_statements": 2, "percent_covered": 100.0, "percent_covered_display": "100", "missing_lines": 0, "excluded_lines": 0, "percent_statements_covered": 100.0, "percent_statements_covered_display": "100"}, "missing_lines": [], "excluded_lines": [], "start_line": 1}}, "classes": {"": {"executed_lines": [1, 3], "summary": {"covered_lines": 2, "num_statements": 2, "percent_covered": 100.0, "percent_covered_display": "100", "missing_lines": 0, "excluded_lines": 0, "percent_statements_covered": 100.0, "percent_statements_covered_display": "100"}, "missing_lines": [], "excluded_lines": [], "start_line": 1}}}, "src/api/endpoints/admin.py": {"executed_lines": [1, 2, 4, 5, 15, 17, 18, 19, 20, 21, 29, 30, 31, 32, 33, 35, 37, 40, 42, 43, 44, 45, 47, 48, 49, 50, 51, 52, 53, 57, 58, 59, 60, 62, 70, 71, 75, 83, 84, 89, 92, 93, 98, 101, 102, 108, 111, 112, 117, 125, 126, 136, 147, 148, 153, 156, 157, 163, 166, 167, 172, 180, 181, 192, 193, 194, 211, 212, 217, 218, 220, 221, 222, 224, 226, 227, 228, 229, 230, 231, 232, 238, 239, 243, 244, 249, 250, 255, 263, 264, 267, 268, 269, 270, 272, 273, 275, 276, 277, 281, 282, 283, 284, 286, 287, 291, 292, 293, 294, 297, 298, 300], "summary": {"covered_lines": 112, "num_statements": 112, "percent_covered": 100.0, "percent_covered_display": "100", "missing_lines": 0, "excluded_lines": 0, "percent_statements_covered": 100.0, "percent_statements_covered_display": "100"}, "missing_lines": [], "excluded_lines": [], "functions": {"_read_upload_with_limit": {"executed_lines": [42, 43, 44, 45, 47, 48, 49, 50, 51, 52, 53, 57, 58, 59, 60, 62], "summary": {"covered_lines": 16, "num_statements": 16, "percent_covered": 100.0, "percent_covered_display": "100", "missing_lines": 0, "excluded_lines": 0, "percent_statements_covered": 100.0, "percent_statements_covered_display": "100"}, "missing_lines": [], "excluded_lines": [], "start_line": 40}, "get_stats": {"executed_lines": [75], "summary": {"covered_lines": 1, "num_statements": 1, "percent_covered": 100.0, "percent_covered_display": "100", "missing_lines": 0, "excluded_lines": 0, "percent_statements_covered": 100.0, "percent_statements_covered_display": "100"}, "missing_lines": [], "excluded_lines": [], "start_line": 71}, "list_users": {"executed_lines": [89], "summary": {"covered_lines": 1, "num_statements": 1, "percent_covered": 100.0, "percent_covered_display": "100", "missing_lines": 0, "excluded_lines": 0, "percent_statements_covered": 100.0, "percent_statements_covered_display": "100"}, "missing_lines": [], "excluded_lines": [], "start_line": 84}, "get_user": {"executed_lines": [98], "summary": {"covered_lines": 1, "num_statements": 1, "percent_covered": 100.0, "percent_covered_display": "100", "missing_lines": 0, "excluded_lines": 0, "percent_statements_covered": 100.0, "percent_statements_covered_display": "100"}, "missing_lines": [], "excluded_lines": [], "start_line": 93}, "update_user": {"executed_lines": [108], "summary": {"covered_lines": 1, "num_statements": 1, "percent_covered": 100.0, "percent_covered_display": "100", "missing_lines": 0, "excluded_lines": 0, "percent_statements_covered": 100.0, "percent_statements_covered_display": "100"}, "missing_lines": [], "excluded_lines": [], "start_line": 102}, "deactivate_user": {"executed_lines": [117], "summary": {"covered_lines": 1, "num_statements": 1, "percent_covered": 100.0, "percent_covered_display": "100", "missing_lines": 0, "excluded_lines": 0, "percent_statements_covered": 100.0, "percent_statements_covered_display": "100"}, "missing_lines": [], "excluded_lines": [], "start_line": 112}, "list_all_chats": {"executed_lines": [136], "summary": {"covered_lines": 1, "num_statements": 1, "percent_covered": 100.0, "percent_covered_display": "100", "missing_lines": 0, "excluded_lines": 0, "percent_statements_covered": 100.0, "percent_statements_covered_display": "100"}, "missing_lines": [], "excluded_lines": [], "start_line": 126}, "get_any_chat": {"executed_lines": [153], "summary": {"covered_lines": 1, "num_statements": 1, "percent_covered": 100.0, "percent_covered_display": "100", "missing_lines": 0, "excluded_lines": 0, "percent_statements_covered": 100.0, "percent_statements_covered_display": "100"}, "missing_lines": [], "excluded_lines": [], "start_line": 148}, "update_any_chat": {"executed_lines": [163], "summary": {"covered_lines": 1, "num_statements": 1, "percent_covered": 100.0, "percent_covered_display": "100", "missing_lines": 0, "excluded_lines": 0, "percent_statements_covered": 100.0, "percent_statements_covered_display": "100"}, "missing_lines": [], "excluded_lines": [], "start_line": 157}, "delete_any_chat": {"executed_lines": [172], "summary": {"covered_lines": 1, "num_statements": 1, "percent_covered": 100.0, "percent_covered_display": "100", "missing_lines": 0, "excluded_lines": 0, "percent_statements_covered": 100.0, "percent_statements_covered_display": "100"}, "missing_lines": [], "excluded_lines": [], "start_line": 167}, "list_audit_logs": {"executed_lines": [192, 193, 194], "summary": {"covered_lines": 3, "num_statements": 3, "percent_covered": 100.0, "percent_covered_display": "100", "missing_lines": 0, "excluded_lines": 0, "percent_statements_covered": 100.0, "percent_statements_covered_display": "100"}, "missing_lines": [], "excluded_lines": [], "start_line": 181}, "upload_guideline": {"executed_lines": [217, 218, 220, 221, 222, 224, 226, 227, 228, 229, 230, 231, 232, 238, 239, 243, 244, 249, 250, 255], "summary": {"covered_lines": 20, "num_statements": 20, "percent_covered": 100.0, "percent_covered_display": "100", "missing_lines": 0, "excluded_lines": 0, "percent_statements_covered": 100.0, "percent_statements_covered_display": "100"}, "missing_lines": [], "excluded_lines": [], "start_line": 212}, "get_rag_status": {"executed_lines": [267, 268, 269, 270, 272, 273, 275, 276, 277, 281, 282, 283, 284, 286, 287, 291, 292, 293, 294, 297, 298, 300], "summary": {"covered_lines": 22, "num_statements": 22, "percent_covered": 100.0, "percent_covered_display": "100", "missing_lines": 0, "excluded_lines": 0, "percent_statements_covered": 100.0, "percent_statements_covered_display": "100"}, "missing_lines": [], "excluded_lines": [], "start_line": 264}, "": {"executed_lines": [1, 2, 4, 5, 15, 17, 18, 19, 20, 21, 29, 30, 31, 32, 33, 35, 37, 40, 70, 71, 83, 84, 92, 93, 101, 102, 111, 112, 125, 126, 147, 148, 156, 157, 166, 167, 180, 181, 211, 212, 263, 264], "summary": {"covered_lines": 42, "num_statements": 42, "percent_covered": 100.0, "percent_covered_display": "100", "missing_lines": 0, "excluded_lines": 0, "percent_statements_covered": 100.0, "percent_statements_covered_display": "100"}, "missing_lines": [], "excluded_lines": [], "start_line": 1}}, "classes": {"": {"executed_lines": [1, 2, 4, 5, 15, 17, 18, 19, 20, 21, 29, 30, 31, 32, 33, 35, 37, 40, 42, 43, 44, 45, 47, 48, 49, 50, 51, 52, 53, 57, 58, 59, 60, 62, 70, 71, 75, 83, 84, 89, 92, 93, 98, 101, 102, 108, 111, 112, 117, 125, 126, 136, 147, 148, 153, 156, 157, 163, 166, 167, 172, 180, 181, 192, 193, 194, 211, 212, 217, 218, 220, 221, 222, 224, 226, 227, 228, 229, 230, 231, 232, 238, 239, 243, 244, 249, 250, 255, 263, 264, 267, 268, 269, 270, 272, 273, 275, 276, 277, 281, 282, 283, 284, 286, 287, 291, 292, 293, 294, 297, 298, 300], "summary": {"covered_lines": 112, "num_statements": 112, "percent_covered": 100.0, "percent_covered_display": "100", "missing_lines": 0, "excluded_lines": 0, "percent_statements_covered": 100.0, "percent_statements_covered_display": "100"}, "missing_lines": [], "excluded_lines": [], "start_line": 1}}}, "src/api/endpoints/auth.py": {"executed_lines": [1, 2, 3, 5, 6, 7, 8, 9, 10, 21, 23, 26, 27, 32, 33, 36, 41, 44, 47, 52, 53, 54, 57, 62, 65, 66, 67, 70, 71, 76, 77, 78, 81, 82, 86, 87, 92, 95, 96, 97, 100, 101, 104, 107, 108, 111, 114, 115, 118, 121, 122, 123, 126, 127, 132], "summary": {"covered_lines": 55, "num_statements": 55, "percent_covered": 100.0, "percent_covered_display": "100", "missing_lines": 0, "excluded_lines": 4, "percent_statements_covered": 100.0, "percent_statements_covered_display": "100"}, "missing_lines": [], "excluded_lines": [34, 35, 55, 56], "functions": {"login": {"executed_lines": [32, 33, 36, 41], "summary": {"covered_lines": 4, "num_statements": 4, "percent_covered": 100.0, "percent_covered_display": "100", "missing_lines": 0, "excluded_lines": 2, "percent_statements_covered": 100.0, "percent_statements_covered_display": "100"}, "missing_lines": [], "excluded_lines": [34, 35], "start_line": 27}, "register": {"executed_lines": [52, 53, 54, 57, 62], "summary": {"covered_lines": 5, "num_statements": 5, "percent_covered": 100.0, "percent_covered_display": "100", "missing_lines": 0, "excluded_lines": 2, "percent_statements_covered": 100.0, "percent_statements_covered_display": "100"}, "missing_lines": [], "excluded_lines": [55, 56], "start_line": 47}, "me": {"executed_lines": [67], "summary": {"covered_lines": 1, "num_statements": 1, "percent_covered": 100.0, "percent_covered_display": "100", "missing_lines": 0, "excluded_lines": 0, "percent_statements_covered": 100.0, "percent_statements_covered_display": "100"}, "missing_lines": [], "excluded_lines": [], "start_line": 66}, "logout": {"executed_lines": [76, 77, 78], "summary": {"covered_lines": 3, "num_statements": 3, "percent_covered": 100.0, "percent_covered_display": "100", "missing_lines": 0, "excluded_lines": 0, "percent_statements_covered": 100.0, "percent_statements_covered_display": "100"}, "missing_lines": [], "excluded_lines": [], "start_line": 71}, "refresh_session": {"executed_lines": [86, 87, 92], "summary": {"covered_lines": 3, "num_statements": 3, "percent_covered": 100.0, "percent_covered_display": "100", "missing_lines": 0, "excluded_lines": 0, "percent_statements_covered": 100.0, "percent_statements_covered_display": "100"}, "missing_lines": [], "excluded_lines": [], "start_line": 82}, "forgot_password": {"executed_lines": [97], "summary": {"covered_lines": 1, "num_statements": 1, "percent_covered": 100.0, "percent_covered_display": "100", "missing_lines": 0, "excluded_lines": 0, "percent_statements_covered": 100.0, "percent_statements_covered_display": "100"}, "missing_lines": [], "excluded_lines": [], "start_line": 96}, "reset_password_confirm": {"executed_lines": [104], "summary": {"covered_lines": 1, "num_statements": 1, "percent_covered": 100.0, "percent_covered_display": "100", "missing_lines": 0, "excluded_lines": 0, "percent_statements_covered": 100.0, "percent_statements_covered_display": "100"}, "missing_lines": [], "excluded_lines": [], "start_line": 101}, "resend_verification": {"executed_lines": [111], "summary": {"covered_lines": 1, "num_statements": 1, "percent_covered": 100.0, "percent_covered_display": "100", "missing_lines": 0, "excluded_lines": 0, "percent_statements_covered": 100.0, "percent_statements_covered_display": "100"}, "missing_lines": [], "excluded_lines": [], "start_line": 108}, "verify_email_confirm": {"executed_lines": [118], "summary": {"covered_lines": 1, "num_statements": 1, "percent_covered": 100.0, "percent_covered_display": "100", "missing_lines": 0, "excluded_lines": 0, "percent_statements_covered": 100.0, "percent_statements_covered_display": "100"}, "missing_lines": [], "excluded_lines": [], "start_line": 115}, "verification_status": {"executed_lines": [123], "summary": {"covered_lines": 1, "num_statements": 1, "percent_covered": 100.0, "percent_covered_display": "100", "missing_lines": 0, "excluded_lines": 0, "percent_statements_covered": 100.0, "percent_statements_covered_display": "100"}, "missing_lines": [], "excluded_lines": [], "start_line": 122}, "update_profile": {"executed_lines": [132], "summary": {"covered_lines": 1, "num_statements": 1, "percent_covered": 100.0, "percent_covered_display": "100", "missing_lines": 0, "excluded_lines": 0, "percent_statements_covered": 100.0, "percent_statements_covered_display": "100"}, "missing_lines": [], "excluded_lines": [], "start_line": 127}, "": {"executed_lines": [1, 2, 3, 5, 6, 7, 8, 9, 10, 21, 23, 26, 27, 44, 47, 65, 66, 70, 71, 81, 82, 95, 96, 100, 101, 107, 108, 114, 115, 121, 122, 126, 127], "summary": {"covered_lines": 33, "num_statements": 33, "percent_covered": 100.0, "percent_covered_display": "100", "missing_lines": 0, "excluded_lines": 0, "percent_statements_covered": 100.0, "percent_statements_covered_display": "100"}, "missing_lines": [], "excluded_lines": [], "start_line": 1}}, "classes": {"": {"executed_lines": [1, 2, 3, 5, 6, 7, 8, 9, 10, 21, 23, 26, 27, 32, 33, 36, 41, 44, 47, 52, 53, 54, 57, 62, 65, 66, 67, 70, 71, 76, 77, 78, 81, 82, 86, 87, 92, 95, 96, 97, 100, 101, 104, 107, 108, 111, 114, 115, 118, 121, 122, 123, 126, 127, 132], "summary": {"covered_lines": 55, "num_statements": 55, "percent_covered": 100.0, "percent_covered_display": "100", "missing_lines": 0, "excluded_lines": 4, "percent_statements_covered": 100.0, "percent_statements_covered_display": "100"}, "missing_lines": [], "excluded_lines": [34, 35, 55, 56], "start_line": 1}}}, "src/api/endpoints/chats.py": {"executed_lines": [1, 3, 12, 13, 14, 16, 17, 18, 19, 27, 28, 30, 33, 34, 39, 42, 43, 54, 67, 68, 73, 76, 77, 83, 86, 87, 92, 95, 96, 102, 110, 115, 121, 124, 125, 130, 133, 134, 144, 145, 147, 148, 149, 151], "summary": {"covered_lines": 44, "num_statements": 44, "percent_covered": 100.0, "percent_covered_display": "100", "missing_lines": 0, "excluded_lines": 0, "percent_statements_covered": 100.0, "percent_statements_covered_display": "100"}, "missing_lines": [], "excluded_lines": [], "functions": {"create_chat": {"executed_lines": [39], "summary": {"covered_lines": 1, "num_statements": 1, "percent_covered": 100.0, "percent_covered_display": "100", "missing_lines": 0, "excluded_lines": 0, "percent_statements_covered": 100.0, "percent_statements_covered_display": "100"}, "missing_lines": [], "excluded_lines": [], "start_line": 34}, "list_chats": {"executed_lines": [54], "summary": {"covered_lines": 1, "num_statements": 1, "percent_covered": 100.0, "percent_covered_display": "100", "missing_lines": 0, "excluded_lines": 0, "percent_statements_covered": 100.0, "percent_statements_covered_display": "100"}, "missing_lines": [], "excluded_lines": [], "start_line": 43}, "get_chat": {"executed_lines": [73], "summary": {"covered_lines": 1, "num_statements": 1, "percent_covered": 100.0, "percent_covered_display": "100", "missing_lines": 0, "excluded_lines": 0, "percent_statements_covered": 100.0, "percent_statements_covered_display": "100"}, "missing_lines": [], "excluded_lines": [], "start_line": 68}, "update_chat": {"executed_lines": [83], "summary": {"covered_lines": 1, "num_statements": 1, "percent_covered": 100.0, "percent_covered_display": "100", "missing_lines": 0, "excluded_lines": 0, "percent_statements_covered": 100.0, "percent_statements_covered_display": "100"}, "missing_lines": [], "excluded_lines": [], "start_line": 77}, "archive_chat": {"executed_lines": [92], "summary": {"covered_lines": 1, "num_statements": 1, "percent_covered": 100.0, "percent_covered_display": "100", "missing_lines": 0, "excluded_lines": 0, "percent_statements_covered": 100.0, "percent_statements_covered_display": "100"}, "missing_lines": [], "excluded_lines": [], "start_line": 87}, "send_message": {"executed_lines": [102], "summary": {"covered_lines": 1, "num_statements": 1, "percent_covered": 100.0, "percent_covered_display": "100", "missing_lines": 0, "excluded_lines": 0, "percent_statements_covered": 100.0, "percent_statements_covered_display": "100"}, "missing_lines": [], "excluded_lines": [], "start_line": 96}, "upload_file": {"executed_lines": [121], "summary": {"covered_lines": 1, "num_statements": 1, "percent_covered": 100.0, "percent_covered_display": "100", "missing_lines": 0, "excluded_lines": 0, "percent_statements_covered": 100.0, "percent_statements_covered_display": "100"}, "missing_lines": [], "excluded_lines": [], "start_line": 115}, "submit_for_review": {"executed_lines": [130], "summary": {"covered_lines": 1, "num_statements": 1, "percent_covered": 100.0, "percent_covered_display": "100", "missing_lines": 0, "excluded_lines": 0, "percent_statements_covered": 100.0, "percent_statements_covered_display": "100"}, "missing_lines": [], "excluded_lines": [], "start_line": 125}, "stream_chat": {"executed_lines": [144, 145, 147, 148, 149, 151], "summary": {"covered_lines": 6, "num_statements": 6, "percent_covered": 100.0, "percent_covered_display": "100", "missing_lines": 0, "excluded_lines": 0, "percent_statements_covered": 100.0, "percent_statements_covered_display": "100"}, "missing_lines": [], "excluded_lines": [], "start_line": 134}, "": {"executed_lines": [1, 3, 12, 13, 14, 16, 17, 18, 19, 27, 28, 30, 33, 34, 42, 43, 67, 68, 76, 77, 86, 87, 95, 96, 110, 115, 124, 125, 133, 134], "summary": {"covered_lines": 30, "num_statements": 30, "percent_covered": 100.0, "percent_covered_display": "100", "missing_lines": 0, "excluded_lines": 0, "percent_statements_covered": 100.0, "percent_statements_covered_display": "100"}, "missing_lines": [], "excluded_lines": [], "start_line": 1}}, "classes": {"": {"executed_lines": [1, 3, 12, 13, 14, 16, 17, 18, 19, 27, 28, 30, 33, 34, 39, 42, 43, 54, 67, 68, 73, 76, 77, 83, 86, 87, 92, 95, 96, 102, 110, 115, 121, 124, 125, 130, 133, 134, 144, 145, 147, 148, 149, 151], "summary": {"covered_lines": 44, "num_statements": 44, "percent_covered": 100.0, "percent_covered_display": "100", "missing_lines": 0, "excluded_lines": 0, "percent_statements_covered": 100.0, "percent_statements_covered_display": "100"}, "missing_lines": [], "excluded_lines": [], "start_line": 1}}}, "src/api/endpoints/health.py": {"executed_lines": [1, 3, 6, 7, 8], "summary": {"covered_lines": 5, "num_statements": 5, "percent_covered": 100.0, "percent_covered_display": "100", "missing_lines": 0, "excluded_lines": 0, "percent_statements_covered": 100.0, "percent_statements_covered_display": "100"}, "missing_lines": [], "excluded_lines": [], "functions": {"health_check": {"executed_lines": [8], "summary": {"covered_lines": 1, "num_statements": 1, "percent_covered": 100.0, "percent_covered_display": "100", "missing_lines": 0, "excluded_lines": 0, "percent_statements_covered": 100.0, "percent_statements_covered_display": "100"}, "missing_lines": [], "excluded_lines": [], "start_line": 7}, "": {"executed_lines": [1, 3, 6, 7], "summary": {"covered_lines": 4, "num_statements": 4, "percent_covered": 100.0, "percent_covered_display": "100", "missing_lines": 0, "excluded_lines": 0, "percent_statements_covered": 100.0, "percent_statements_covered_display": "100"}, "missing_lines": [], "excluded_lines": [], "start_line": 1}}, "classes": {"": {"executed_lines": [1, 3, 6, 7, 8], "summary": {"covered_lines": 5, "num_statements": 5, "percent_covered": 100.0, "percent_covered_display": "100", "missing_lines": 0, "excluded_lines": 0, "percent_statements_covered": 100.0, "percent_statements_covered_display": "100"}, "missing_lines": [], "excluded_lines": [], "start_line": 1}}}, "src/api/endpoints/notifications.py": {"executed_lines": [1, 3, 4, 6, 7, 8, 9, 10, 12, 15, 16, 21, 26, 27, 31, 34, 35, 40, 43, 44, 48], "summary": {"covered_lines": 21, "num_statements": 21, "percent_covered": 100.0, "percent_covered_display": "100", "missing_lines": 0, "excluded_lines": 0, "percent_statements_covered": 100.0, "percent_statements_covered_display": "100"}, "missing_lines": [], "excluded_lines": [], "functions": {"list_notifications": {"executed_lines": [21], "summary": {"covered_lines": 1, "num_statements": 1, "percent_covered": 100.0, "percent_covered_display": "100", "missing_lines": 0, "excluded_lines": 0, "percent_statements_covered": 100.0, "percent_statements_covered_display": "100"}, "missing_lines": [], "excluded_lines": [], "start_line": 16}, "unread_count": {"executed_lines": [31], "summary": {"covered_lines": 1, "num_statements": 1, "percent_covered": 100.0, "percent_covered_display": "100", "missing_lines": 0, "excluded_lines": 0, "percent_statements_covered": 100.0, "percent_statements_covered_display": "100"}, "missing_lines": [], "excluded_lines": [], "start_line": 27}, "mark_read": {"executed_lines": [40], "summary": {"covered_lines": 1, "num_statements": 1, "percent_covered": 100.0, "percent_covered_display": "100", "missing_lines": 0, "excluded_lines": 0, "percent_statements_covered": 100.0, "percent_statements_covered_display": "100"}, "missing_lines": [], "excluded_lines": [], "start_line": 35}, "mark_all_read": {"executed_lines": [48], "summary": {"covered_lines": 1, "num_statements": 1, "percent_covered": 100.0, "percent_covered_display": "100", "missing_lines": 0, "excluded_lines": 0, "percent_statements_covered": 100.0, "percent_statements_covered_display": "100"}, "missing_lines": [], "excluded_lines": [], "start_line": 44}, "": {"executed_lines": [1, 3, 4, 6, 7, 8, 9, 10, 12, 15, 16, 26, 27, 34, 35, 43, 44], "summary": {"covered_lines": 17, "num_statements": 17, "percent_covered": 100.0, "percent_covered_display": "100", "missing_lines": 0, "excluded_lines": 0, "percent_statements_covered": 100.0, "percent_statements_covered_display": "100"}, "missing_lines": [], "excluded_lines": [], "start_line": 1}}, "classes": {"": {"executed_lines": [1, 3, 4, 6, 7, 8, 9, 10, 12, 15, 16, 21, 26, 27, 31, 34, 35, 40, 43, 44, 48], "summary": {"covered_lines": 21, "num_statements": 21, "percent_covered": 100.0, "percent_covered_display": "100", "missing_lines": 0, "excluded_lines": 0, "percent_statements_covered": 100.0, "percent_statements_covered_display": "100"}, "missing_lines": [], "excluded_lines": [], "start_line": 1}}}, "src/api/endpoints/rag.py": {"executed_lines": [1, 3, 4, 5, 7, 8, 9, 11, 14, 15, 21, 24, 25, 26, 27, 28, 29, 38, 39, 43, 44, 49, 50, 55, 58, 59, 64, 67, 68, 72, 73, 77, 78, 83, 84, 85, 86, 91, 92, 93, 94, 95, 96, 97, 99], "summary": {"covered_lines": 45, "num_statements": 45, "percent_covered": 100.0, "percent_covered_display": "100", "missing_lines": 0, "excluded_lines": 0, "percent_statements_covered": 100.0, "percent_statements_covered_display": "100"}, "missing_lines": [], "excluded_lines": [], "functions": {"search_clinical_guidelines": {"executed_lines": [21, 24, 25, 26, 27, 28, 29, 38, 39, 43, 44, 49, 50, 55], "summary": {"covered_lines": 14, "num_statements": 14, "percent_covered": 100.0, "percent_covered_display": "100", "missing_lines": 0, "excluded_lines": 0, "percent_statements_covered": 100.0, "percent_statements_covered_display": "100"}, "missing_lines": [], "excluded_lines": [], "start_line": 15}, "fetch_rag_document": {"executed_lines": [64, 67, 68, 72, 73, 77, 78, 83, 84, 85, 86, 91, 92, 93, 94, 95, 96, 97, 99], "summary": {"covered_lines": 19, "num_statements": 19, "percent_covered": 100.0, "percent_covered_display": "100", "missing_lines": 0, "excluded_lines": 0, "percent_statements_covered": 100.0, "percent_statements_covered_display": "100"}, "missing_lines": [], "excluded_lines": [], "start_line": 59}, "": {"executed_lines": [1, 3, 4, 5, 7, 8, 9, 11, 14, 15, 58, 59], "summary": {"covered_lines": 12, "num_statements": 12, "percent_covered": 100.0, "percent_covered_display": "100", "missing_lines": 0, "excluded_lines": 0, "percent_statements_covered": 100.0, "percent_statements_covered_display": "100"}, "missing_lines": [], "excluded_lines": [], "start_line": 1}}, "classes": {"": {"executed_lines": [1, 3, 4, 5, 7, 8, 9, 11, 14, 15, 21, 24, 25, 26, 27, 28, 29, 38, 39, 43, 44, 49, 50, 55, 58, 59, 64, 67, 68, 72, 73, 77, 78, 83, 84, 85, 86, 91, 92, 93, 94, 95, 96, 97, 99], "summary": {"covered_lines": 45, "num_statements": 45, "percent_covered": 100.0, "percent_covered_display": "100", "missing_lines": 0, "excluded_lines": 0, "percent_statements_covered": 100.0, "percent_statements_covered_display": "100"}, "missing_lines": [], "excluded_lines": [], "start_line": 1}}}, "src/api/endpoints/specialist.py": {"executed_lines": [1, 3, 4, 6, 7, 8, 9, 16, 18, 21, 22, 26, 29, 30, 34, 37, 38, 43, 46, 47, 53, 56, 57, 63, 66, 67, 73, 76, 79, 86, 89, 90, 96], "summary": {"covered_lines": 33, "num_statements": 33, "percent_covered": 100.0, "percent_covered_display": "100", "missing_lines": 0, "excluded_lines": 0, "percent_statements_covered": 100.0, "percent_statements_covered_display": "100"}, "missing_lines": [], "excluded_lines": [], "functions": {"get_queue": {"executed_lines": [26], "summary": {"covered_lines": 1, "num_statements": 1, "percent_covered": 100.0, "percent_covered_display": "100", "missing_lines": 0, "excluded_lines": 0, "percent_statements_covered": 100.0, "percent_statements_covered_display": "100"}, "missing_lines": [], "excluded_lines": [], "start_line": 22}, "get_assigned": {"executed_lines": [34], "summary": {"covered_lines": 1, "num_statements": 1, "percent_covered": 100.0, "percent_covered_display": "100", "missing_lines": 0, "excluded_lines": 0, "percent_statements_covered": 100.0, "percent_statements_covered_display": "100"}, "missing_lines": [], "excluded_lines": [], "start_line": 30}, "get_chat_detail": {"executed_lines": [43], "summary": {"covered_lines": 1, "num_statements": 1, "percent_covered": 100.0, "percent_covered_display": "100", "missing_lines": 0, "excluded_lines": 0, "percent_statements_covered": 100.0, "percent_statements_covered_display": "100"}, "missing_lines": [], "excluded_lines": [], "start_line": 38}, "unassign_chat": {"executed_lines": [53], "summary": {"covered_lines": 1, "num_statements": 1, "percent_covered": 100.0, "percent_covered_display": "100", "missing_lines": 0, "excluded_lines": 0, "percent_statements_covered": 100.0, "percent_statements_covered_display": "100"}, "missing_lines": [], "excluded_lines": [], "start_line": 47}, "assign_specialist": {"executed_lines": [63], "summary": {"covered_lines": 1, "num_statements": 1, "percent_covered": 100.0, "percent_covered_display": "100", "missing_lines": 0, "excluded_lines": 0, "percent_statements_covered": 100.0, "percent_statements_covered_display": "100"}, "missing_lines": [], "excluded_lines": [], "start_line": 57}, "review_chat": {"executed_lines": [73], "summary": {"covered_lines": 1, "num_statements": 1, "percent_covered": 100.0, "percent_covered_display": "100", "missing_lines": 0, "excluded_lines": 0, "percent_statements_covered": 100.0, "percent_statements_covered_display": "100"}, "missing_lines": [], "excluded_lines": [], "start_line": 67}, "review_message": {"executed_lines": [86], "summary": {"covered_lines": 1, "num_statements": 1, "percent_covered": 100.0, "percent_covered_display": "100", "missing_lines": 0, "excluded_lines": 0, "percent_statements_covered": 100.0, "percent_statements_covered_display": "100"}, "missing_lines": [], "excluded_lines": [], "start_line": 79}, "send_message": {"executed_lines": [96], "summary": {"covered_lines": 1, "num_statements": 1, "percent_covered": 100.0, "percent_covered_display": "100", "missing_lines": 0, "excluded_lines": 0, "percent_statements_covered": 100.0, "percent_statements_covered_display": "100"}, "missing_lines": [], "excluded_lines": [], "start_line": 90}, "": {"executed_lines": [1, 3, 4, 6, 7, 8, 9, 16, 18, 21, 22, 29, 30, 37, 38, 46, 47, 56, 57, 66, 67, 76, 79, 89, 90], "summary": {"covered_lines": 25, "num_statements": 25, "percent_covered": 100.0, "percent_covered_display": "100", "missing_lines": 0, "excluded_lines": 0, "percent_statements_covered": 100.0, "percent_statements_covered_display": "100"}, "missing_lines": [], "excluded_lines": [], "start_line": 1}}, "classes": {"": {"executed_lines": [1, 3, 4, 6, 7, 8, 9, 16, 18, 21, 22, 26, 29, 30, 34, 37, 38, 43, 46, 47, 53, 56, 57, 63, 66, 67, 73, 76, 79, 86, 89, 90, 96], "summary": {"covered_lines": 33, "num_statements": 33, "percent_covered": 100.0, "percent_covered_display": "100", "missing_lines": 0, "excluded_lines": 0, "percent_statements_covered": 100.0, "percent_statements_covered_display": "100"}, "missing_lines": [], "excluded_lines": [], "start_line": 1}}}, "src/api/router.py": {"executed_lines": [1, 3, 4, 6, 7, 8, 9, 14, 19, 20, 21], "summary": {"covered_lines": 11, "num_statements": 11, "percent_covered": 100.0, "percent_covered_display": "100", "missing_lines": 0, "excluded_lines": 0, "percent_statements_covered": 100.0, "percent_statements_covered_display": "100"}, "missing_lines": [], "excluded_lines": [], "functions": {"": {"executed_lines": [1, 3, 4, 6, 7, 8, 9, 14, 19, 20, 21], "summary": {"covered_lines": 11, "num_statements": 11, "percent_covered": 100.0, "percent_covered_display": "100", "missing_lines": 0, "excluded_lines": 0, "percent_statements_covered": 100.0, "percent_statements_covered_display": "100"}, "missing_lines": [], "excluded_lines": [], "start_line": 1}}, "classes": {"": {"executed_lines": [1, 3, 4, 6, 7, 8, 9, 14, 19, 20, 21], "summary": {"covered_lines": 11, "num_statements": 11, "percent_covered": 100.0, "percent_covered_display": "100", "missing_lines": 0, "excluded_lines": 0, "percent_statements_covered": 100.0, "percent_statements_covered_display": "100"}, "missing_lines": [], "excluded_lines": [], "start_line": 1}}}, "src/app/__init__.py": {"executed_lines": [], "summary": {"covered_lines": 0, "num_statements": 0, "percent_covered": 100.0, "percent_covered_display": "100", "missing_lines": 0, "excluded_lines": 0, "percent_statements_covered": 100.0, "percent_statements_covered_display": "100"}, "missing_lines": [], "excluded_lines": [], "functions": {"": {"executed_lines": [], "summary": {"covered_lines": 0, "num_statements": 0, "percent_covered": 100.0, "percent_covered_display": "100", "missing_lines": 0, "excluded_lines": 0, "percent_statements_covered": 100.0, "percent_statements_covered_display": "100"}, "missing_lines": [], "excluded_lines": [], "start_line": 1}}, "classes": {"": {"executed_lines": [], "summary": {"covered_lines": 0, "num_statements": 0, "percent_covered": 100.0, "percent_covered_display": "100", "missing_lines": 0, "excluded_lines": 0, "percent_statements_covered": 100.0, "percent_statements_covered_display": "100"}, "missing_lines": [], "excluded_lines": [], "start_line": 1}}}, "src/app/main.py": {"executed_lines": [1, 2, 3, 5, 6, 7, 9, 10, 11, 12, 14, 17, 20, 23, 24, 25, 26, 29, 30, 31, 32, 35, 38, 40, 42, 44, 45, 46, 47, 48, 49, 51, 55, 56, 57, 58, 59, 60, 62, 65, 67, 68, 70, 71, 72, 82, 83, 84, 85, 86, 87, 89, 92, 93, 95, 96, 97, 100, 101, 102, 103, 105, 111, 112, 119, 121, 122, 123, 125], "summary": {"covered_lines": 69, "num_statements": 69, "percent_covered": 100.0, "percent_covered_display": "100", "missing_lines": 0, "excluded_lines": 0, "percent_statements_covered": 100.0, "percent_statements_covered_display": "100"}, "missing_lines": [], "excluded_lines": [], "functions": {"SecurityHeadersMiddleware.dispatch": {"executed_lines": [23, 24, 25, 26, 29, 30, 31, 32, 35], "summary": {"covered_lines": 9, "num_statements": 9, "percent_covered": 100.0, "percent_covered_display": "100", "missing_lines": 0, "excluded_lines": 0, "percent_statements_covered": 100.0, "percent_statements_covered_display": "100"}, "missing_lines": [], "excluded_lines": [], "start_line": 20}, "_purge_expired_tokens": {"executed_lines": [40, 42, 44, 45, 46, 47, 48, 49, 51, 55, 56, 57, 58, 59, 60, 62], "summary": {"covered_lines": 16, "num_statements": 16, "percent_covered": 100.0, "percent_covered_display": "100", "missing_lines": 0, "excluded_lines": 0, "percent_statements_covered": 100.0, "percent_statements_covered_display": "100"}, "missing_lines": [], "excluded_lines": [], "start_line": 38}, "_cleanup_stale_generations": {"executed_lines": [67, 68, 70, 71, 72, 82, 83, 84, 85, 86, 87, 89], "summary": {"covered_lines": 12, "num_statements": 12, "percent_covered": 100.0, "percent_covered_display": "100", "missing_lines": 0, "excluded_lines": 0, "percent_statements_covered": 100.0, "percent_statements_covered_display": "100"}, "missing_lines": [], "excluded_lines": [], "start_line": 65}, "_lifespan": {"executed_lines": [95, 96, 97], "summary": {"covered_lines": 3, "num_statements": 3, "percent_covered": 100.0, "percent_covered_display": "100", "missing_lines": 0, "excluded_lines": 0, "percent_statements_covered": 100.0, "percent_statements_covered_display": "100"}, "missing_lines": [], "excluded_lines": [], "start_line": 93}, "create_app": {"executed_lines": [101, 102, 103, 105, 111, 112, 119, 121, 122, 125], "summary": {"covered_lines": 10, "num_statements": 10, "percent_covered": 100.0, "percent_covered_display": "100", "missing_lines": 0, "excluded_lines": 0, "percent_statements_covered": 100.0, "percent_statements_covered_display": "100"}, "missing_lines": [], "excluded_lines": [], "start_line": 100}, "create_app.read_root": {"executed_lines": [123], "summary": {"covered_lines": 1, "num_statements": 1, "percent_covered": 100.0, "percent_covered_display": "100", "missing_lines": 0, "excluded_lines": 0, "percent_statements_covered": 100.0, "percent_statements_covered_display": "100"}, "missing_lines": [], "excluded_lines": [], "start_line": 122}, "": {"executed_lines": [1, 2, 3, 5, 6, 7, 9, 10, 11, 12, 14, 17, 20, 38, 65, 92, 93, 100], "summary": {"covered_lines": 18, "num_statements": 18, "percent_covered": 100.0, "percent_covered_display": "100", "missing_lines": 0, "excluded_lines": 0, "percent_statements_covered": 100.0, "percent_statements_covered_display": "100"}, "missing_lines": [], "excluded_lines": [], "start_line": 1}}, "classes": {"SecurityHeadersMiddleware": {"executed_lines": [23, 24, 25, 26, 29, 30, 31, 32, 35], "summary": {"covered_lines": 9, "num_statements": 9, "percent_covered": 100.0, "percent_covered_display": "100", "missing_lines": 0, "excluded_lines": 0, "percent_statements_covered": 100.0, "percent_statements_covered_display": "100"}, "missing_lines": [], "excluded_lines": [], "start_line": 17}, "": {"executed_lines": [1, 2, 3, 5, 6, 7, 9, 10, 11, 12, 14, 17, 20, 38, 40, 42, 44, 45, 46, 47, 48, 49, 51, 55, 56, 57, 58, 59, 60, 62, 65, 67, 68, 70, 71, 72, 82, 83, 84, 85, 86, 87, 89, 92, 93, 95, 96, 97, 100, 101, 102, 103, 105, 111, 112, 119, 121, 122, 123, 125], "summary": {"covered_lines": 60, "num_statements": 60, "percent_covered": 100.0, "percent_covered_display": "100", "missing_lines": 0, "excluded_lines": 0, "percent_statements_covered": 100.0, "percent_statements_covered_display": "100"}, "missing_lines": [], "excluded_lines": [], "start_line": 1}}}, "src/core/__init__.py": {"executed_lines": [], "summary": {"covered_lines": 0, "num_statements": 0, "percent_covered": 100.0, "percent_covered_display": "100", "missing_lines": 0, "excluded_lines": 0, "percent_statements_covered": 100.0, "percent_statements_covered_display": "100"}, "missing_lines": [], "excluded_lines": [], "functions": {"": {"executed_lines": [], "summary": {"covered_lines": 0, "num_statements": 0, "percent_covered": 100.0, "percent_covered_display": "100", "missing_lines": 0, "excluded_lines": 0, "percent_statements_covered": 100.0, "percent_statements_covered_display": "100"}, "missing_lines": [], "excluded_lines": [], "start_line": 1}}, "classes": {"": {"executed_lines": [], "summary": {"covered_lines": 0, "num_statements": 0, "percent_covered": 100.0, "percent_covered_display": "100", "missing_lines": 0, "excluded_lines": 0, "percent_statements_covered": 100.0, "percent_statements_covered_display": "100"}, "missing_lines": [], "excluded_lines": [], "start_line": 1}}}, "src/core/chat_policy.py": {"executed_lines": [20, 27, 28, 31, 32, 39, 41, 42, 43, 44, 47, 48, 49, 52, 53, 61, 63, 71, 77, 80, 87, 92, 97], "summary": {"covered_lines": 23, "num_statements": 23, "percent_covered": 100.0, "percent_covered_display": "100", "missing_lines": 0, "excluded_lines": 0, "percent_statements_covered": 100.0, "percent_statements_covered_display": "100"}, "missing_lines": [], "excluded_lines": [], "functions": {"_is_owner": {"executed_lines": [28], "summary": {"covered_lines": 1, "num_statements": 1, "percent_covered": 100.0, "percent_covered_display": "100", "missing_lines": 0, "excluded_lines": 0, "percent_statements_covered": 100.0, "percent_statements_covered_display": "100"}, "missing_lines": [], "excluded_lines": [], "start_line": 27}, "_is_assigned_specialist": {"executed_lines": [32], "summary": {"covered_lines": 1, "num_statements": 1, "percent_covered": 100.0, "percent_covered_display": "100", "missing_lines": 0, "excluded_lines": 0, "percent_statements_covered": 100.0, "percent_statements_covered_display": "100"}, "missing_lines": [], "excluded_lines": [], "start_line": 31}, "_is_queue_specialist": {"executed_lines": [41, 42, 43, 44, 47, 48, 49], "summary": {"covered_lines": 7, "num_statements": 7, "percent_covered": 100.0, "percent_covered_display": "100", "missing_lines": 0, "excluded_lines": 0, "percent_statements_covered": 100.0, "percent_statements_covered_display": "100"}, "missing_lines": [], "excluded_lines": [], "start_line": 39}, "_is_admin": {"executed_lines": [53], "summary": {"covered_lines": 1, "num_statements": 1, "percent_covered": 100.0, "percent_covered_display": "100", "missing_lines": 0, "excluded_lines": 0, "percent_statements_covered": 100.0, "percent_statements_covered_display": "100"}, "missing_lines": [], "excluded_lines": [], "start_line": 52}, "can_view_chat": {"executed_lines": [63], "summary": {"covered_lines": 1, "num_statements": 1, "percent_covered": 100.0, "percent_covered_display": "100", "missing_lines": 0, "excluded_lines": 0, "percent_statements_covered": 100.0, "percent_statements_covered_display": "100"}, "missing_lines": [], "excluded_lines": [], "start_line": 61}, "can_stream_chat": {"executed_lines": [77], "summary": {"covered_lines": 1, "num_statements": 1, "percent_covered": 100.0, "percent_covered_display": "100", "missing_lines": 0, "excluded_lines": 0, "percent_statements_covered": 100.0, "percent_statements_covered_display": "100"}, "missing_lines": [], "excluded_lines": [], "start_line": 71}, "can_upload_to_chat": {"executed_lines": [87], "summary": {"covered_lines": 1, "num_statements": 1, "percent_covered": 100.0, "percent_covered_display": "100", "missing_lines": 0, "excluded_lines": 0, "percent_statements_covered": 100.0, "percent_statements_covered_display": "100"}, "missing_lines": [], "excluded_lines": [], "start_line": 80}, "can_send_message": {"executed_lines": [97], "summary": {"covered_lines": 1, "num_statements": 1, "percent_covered": 100.0, "percent_covered_display": "100", "missing_lines": 0, "excluded_lines": 0, "percent_statements_covered": 100.0, "percent_statements_covered_display": "100"}, "missing_lines": [], "excluded_lines": [], "start_line": 92}, "": {"executed_lines": [20, 27, 31, 39, 52, 61, 71, 80, 92], "summary": {"covered_lines": 9, "num_statements": 9, "percent_covered": 100.0, "percent_covered_display": "100", "missing_lines": 0, "excluded_lines": 0, "percent_statements_covered": 100.0, "percent_statements_covered_display": "100"}, "missing_lines": [], "excluded_lines": [], "start_line": 1}}, "classes": {"": {"executed_lines": [20, 27, 28, 31, 32, 39, 41, 42, 43, 44, 47, 48, 49, 52, 53, 61, 63, 71, 77, 80, 87, 92, 97], "summary": {"covered_lines": 23, "num_statements": 23, "percent_covered": 100.0, "percent_covered_display": "100", "missing_lines": 0, "excluded_lines": 0, "percent_statements_covered": 100.0, "percent_statements_covered_display": "100"}, "missing_lines": [], "excluded_lines": [], "start_line": 1}}}, "src/core/config.py": {"executed_lines": [1, 2, 3, 4, 5, 7, 9, 10, 11, 12, 15, 16, 23, 24, 26, 27, 28, 29, 30, 33, 34, 35, 36, 37, 38, 39, 40, 41, 44, 45, 46, 53, 54, 55, 56, 57, 60, 61, 62, 63, 76, 77, 80, 81, 82, 83, 84, 85, 86, 87, 88, 89, 90, 93, 94, 97, 98, 99, 100, 101, 102, 103, 104, 105, 106, 107, 108, 109, 110, 111, 112, 113, 114, 115, 118, 121, 122, 125, 126, 127, 128, 129, 132, 134, 135, 136, 137, 140, 143, 148, 152, 153, 156, 160, 161, 166, 171, 172, 177, 178, 179, 180, 183, 184, 187, 191, 194, 195, 198, 199, 203, 207, 216, 217, 222, 223, 224, 225, 230, 231, 232, 233, 234, 238, 242, 243, 247, 248, 255, 256, 257, 258, 259, 260, 263, 264], "summary": {"covered_lines": 136, "num_statements": 136, "percent_covered": 100.0, "percent_covered_display": "100", "missing_lines": 0, "excluded_lines": 0, "percent_statements_covered": 100.0, "percent_statements_covered_display": "100"}, "missing_lines": [], "excluded_lines": [], "functions": {"_is_production_env": {"executed_lines": [122], "summary": {"covered_lines": 1, "num_statements": 1, "percent_covered": 100.0, "percent_covered_display": "100", "missing_lines": 0, "excluded_lines": 0, "percent_statements_covered": 100.0, "percent_statements_covered_display": "100"}, "missing_lines": [], "excluded_lines": [], "start_line": 121}, "_looks_like_placeholder": {"executed_lines": [126, 127, 128, 129], "summary": {"covered_lines": 4, "num_statements": 4, "percent_covered": 100.0, "percent_covered_display": "100", "missing_lines": 0, "excluded_lines": 0, "percent_statements_covered": 100.0, "percent_statements_covered_display": "100"}, "missing_lines": [], "excluded_lines": [], "start_line": 125}, "validate_settings": {"executed_lines": [134, 135, 136, 137, 140, 143, 148, 152, 153, 156, 160, 161, 166, 171, 172, 177, 178, 179, 180, 183, 184, 187, 191, 194, 195, 198, 199, 203, 207, 216, 217, 222, 223, 224, 225, 230, 231, 232, 233, 234, 238, 242, 243, 247, 248, 255, 256, 257, 258, 259, 260, 263, 264], "summary": {"covered_lines": 53, "num_statements": 53, "percent_covered": 100.0, "percent_covered_display": "100", "missing_lines": 0, "excluded_lines": 0, "percent_statements_covered": 100.0, "percent_statements_covered_display": "100"}, "missing_lines": [], "excluded_lines": [], "start_line": 132}, "": {"executed_lines": [1, 2, 3, 4, 5, 7, 9, 10, 11, 12, 15, 16, 23, 24, 26, 27, 28, 29, 30, 33, 34, 35, 36, 37, 38, 39, 40, 41, 44, 45, 46, 53, 54, 55, 56, 57, 60, 61, 62, 63, 76, 77, 80, 81, 82, 83, 84, 85, 86, 87, 88, 89, 90, 93, 94, 97, 98, 99, 100, 101, 102, 103, 104, 105, 106, 107, 108, 109, 110, 111, 112, 113, 114, 115, 118, 121, 125, 132], "summary": {"covered_lines": 78, "num_statements": 78, "percent_covered": 100.0, "percent_covered_display": "100", "missing_lines": 0, "excluded_lines": 0, "percent_statements_covered": 100.0, "percent_statements_covered_display": "100"}, "missing_lines": [], "excluded_lines": [], "start_line": 1}}, "classes": {"Settings": {"executed_lines": [], "summary": {"covered_lines": 0, "num_statements": 0, "percent_covered": 100.0, "percent_covered_display": "100", "missing_lines": 0, "excluded_lines": 0, "percent_statements_covered": 100.0, "percent_statements_covered_display": "100"}, "missing_lines": [], "excluded_lines": [], "start_line": 15}, "": {"executed_lines": [1, 2, 3, 4, 5, 7, 9, 10, 11, 12, 15, 16, 23, 24, 26, 27, 28, 29, 30, 33, 34, 35, 36, 37, 38, 39, 40, 41, 44, 45, 46, 53, 54, 55, 56, 57, 60, 61, 62, 63, 76, 77, 80, 81, 82, 83, 84, 85, 86, 87, 88, 89, 90, 93, 94, 97, 98, 99, 100, 101, 102, 103, 104, 105, 106, 107, 108, 109, 110, 111, 112, 113, 114, 115, 118, 121, 122, 125, 126, 127, 128, 129, 132, 134, 135, 136, 137, 140, 143, 148, 152, 153, 156, 160, 161, 166, 171, 172, 177, 178, 179, 180, 183, 184, 187, 191, 194, 195, 198, 199, 203, 207, 216, 217, 222, 223, 224, 225, 230, 231, 232, 233, 234, 238, 242, 243, 247, 248, 255, 256, 257, 258, 259, 260, 263, 264], "summary": {"covered_lines": 136, "num_statements": 136, "percent_covered": 100.0, "percent_covered_display": "100", "missing_lines": 0, "excluded_lines": 0, "percent_statements_covered": 100.0, "percent_statements_covered_display": "100"}, "missing_lines": [], "excluded_lines": [], "start_line": 1}}}, "src/core/logging.py": {"executed_lines": [1, 4, 5], "summary": {"covered_lines": 3, "num_statements": 3, "percent_covered": 100.0, "percent_covered_display": "100", "missing_lines": 0, "excluded_lines": 0, "percent_statements_covered": 100.0, "percent_statements_covered_display": "100"}, "missing_lines": [], "excluded_lines": [], "functions": {"configure_logging": {"executed_lines": [5], "summary": {"covered_lines": 1, "num_statements": 1, "percent_covered": 100.0, "percent_covered_display": "100", "missing_lines": 0, "excluded_lines": 0, "percent_statements_covered": 100.0, "percent_statements_covered_display": "100"}, "missing_lines": [], "excluded_lines": [], "start_line": 4}, "": {"executed_lines": [1, 4], "summary": {"covered_lines": 2, "num_statements": 2, "percent_covered": 100.0, "percent_covered_display": "100", "missing_lines": 0, "excluded_lines": 0, "percent_statements_covered": 100.0, "percent_statements_covered_display": "100"}, "missing_lines": [], "excluded_lines": [], "start_line": 1}}, "classes": {"": {"executed_lines": [1, 4, 5], "summary": {"covered_lines": 3, "num_statements": 3, "percent_covered": 100.0, "percent_covered_display": "100", "missing_lines": 0, "excluded_lines": 0, "percent_statements_covered": 100.0, "percent_statements_covered_display": "100"}, "missing_lines": [], "excluded_lines": [], "start_line": 1}}}, "src/core/rate_limit.py": {"executed_lines": [7, 8, 9, 10, 12, 14, 16, 18, 19, 20, 21, 22, 23, 24, 25, 28, 30, 31, 32, 35, 36, 41, 44, 46, 47, 48, 65, 67, 70, 73, 74, 75, 76, 77, 78, 79, 80, 81, 83, 84, 86, 87, 90, 97, 98, 99, 100, 104, 105, 106, 107, 108, 109, 110, 112, 115, 116, 117, 121, 122, 125, 127, 132, 133, 136, 139, 140, 141, 142, 143, 144, 146, 147, 148, 149, 150, 154, 157, 163, 164, 165, 166, 167, 168, 169, 170, 171, 173, 175, 179, 182, 183, 184, 185, 186, 190, 191, 192, 193, 197], "summary": {"covered_lines": 100, "num_statements": 113, "percent_covered": 88.49557522123894, "percent_covered_display": "88", "missing_lines": 13, "excluded_lines": 0, "percent_statements_covered": 88.49557522123894, "percent_statements_covered_display": "88"}, "missing_lines": [33, 37, 38, 39, 50, 52, 53, 54, 55, 58, 59, 62, 71], "excluded_lines": [], "functions": {"_request_path": {"executed_lines": [30, 31, 32, 35, 36, 41], "summary": {"covered_lines": 6, "num_statements": 10, "percent_covered": 60.0, "percent_covered_display": "60", "missing_lines": 4, "excluded_lines": 0, "percent_statements_covered": 60.0, "percent_statements_covered_display": "60"}, "missing_lines": [33, 37, 38, 39], "excluded_lines": [], "start_line": 28}, "_request_scope": {"executed_lines": [46, 47, 48], "summary": {"covered_lines": 3, "num_statements": 11, "percent_covered": 27.272727272727273, "percent_covered_display": "27", "missing_lines": 8, "excluded_lines": 0, "percent_statements_covered": 27.272727272727273, "percent_statements_covered_display": "27"}, "missing_lines": [50, 52, 53, 54, 55, 58, 59, 62], "excluded_lines": [], "start_line": 44}, "_request_subject": {"executed_lines": [67, 70, 73, 74, 75, 76, 77, 78, 79, 80, 81, 83, 84, 86, 87], "summary": {"covered_lines": 15, "num_statements": 16, "percent_covered": 93.75, "percent_covered_display": "94", "missing_lines": 1, "excluded_lines": 0, "percent_statements_covered": 93.75, "percent_statements_covered_display": "94"}, "missing_lines": [71], "excluded_lines": [], "start_line": 65}, "_get_redis": {"executed_lines": [97, 98, 99, 100, 104, 105, 106, 107, 108, 109, 110, 112, 115, 116, 117, 121, 122], "summary": {"covered_lines": 17, "num_statements": 17, "percent_covered": 100.0, "percent_covered_display": "100", "missing_lines": 0, "excluded_lines": 0, "percent_statements_covered": 100.0, "percent_statements_covered_display": "100"}, "missing_lines": [], "excluded_lines": [], "start_line": 90}, "_cleanup_local_windows": {"executed_lines": [127, 132, 133], "summary": {"covered_lines": 3, "num_statements": 3, "percent_covered": 100.0, "percent_covered_display": "100", "missing_lines": 0, "excluded_lines": 0, "percent_statements_covered": 100.0, "percent_statements_covered_display": "100"}, "missing_lines": [], "excluded_lines": [], "start_line": 125}, "_enforce_inprocess_limit": {"executed_lines": [139, 140, 141, 142, 143, 144, 146, 147, 148, 149, 150, 154], "summary": {"covered_lines": 12, "num_statements": 12, "percent_covered": 100.0, "percent_covered_display": "100", "missing_lines": 0, "excluded_lines": 0, "percent_statements_covered": 100.0, "percent_statements_covered_display": "100"}, "missing_lines": [], "excluded_lines": [], "start_line": 136}, "rate_limit_dependency": {"executed_lines": [163, 164, 165, 166, 167, 168, 169, 170, 171, 173, 175, 179, 182, 183, 184, 185, 186, 190, 191, 192, 193, 197], "summary": {"covered_lines": 22, "num_statements": 22, "percent_covered": 100.0, "percent_covered_display": "100", "missing_lines": 0, "excluded_lines": 0, "percent_statements_covered": 100.0, "percent_statements_covered_display": "100"}, "missing_lines": [], "excluded_lines": [], "start_line": 157}, "": {"executed_lines": [7, 8, 9, 10, 12, 14, 16, 18, 19, 20, 21, 22, 23, 24, 25, 28, 44, 65, 90, 125, 136, 157], "summary": {"covered_lines": 22, "num_statements": 22, "percent_covered": 100.0, "percent_covered_display": "100", "missing_lines": 0, "excluded_lines": 0, "percent_statements_covered": 100.0, "percent_statements_covered_display": "100"}, "missing_lines": [], "excluded_lines": [], "start_line": 1}}, "classes": {"": {"executed_lines": [7, 8, 9, 10, 12, 14, 16, 18, 19, 20, 21, 22, 23, 24, 25, 28, 30, 31, 32, 35, 36, 41, 44, 46, 47, 48, 65, 67, 70, 73, 74, 75, 76, 77, 78, 79, 80, 81, 83, 84, 86, 87, 90, 97, 98, 99, 100, 104, 105, 106, 107, 108, 109, 110, 112, 115, 116, 117, 121, 122, 125, 127, 132, 133, 136, 139, 140, 141, 142, 143, 144, 146, 147, 148, 149, 150, 154, 157, 163, 164, 165, 166, 167, 168, 169, 170, 171, 173, 175, 179, 182, 183, 184, 185, 186, 190, 191, 192, 193, 197], "summary": {"covered_lines": 100, "num_statements": 113, "percent_covered": 88.49557522123894, "percent_covered_display": "88", "missing_lines": 13, "excluded_lines": 0, "percent_statements_covered": 88.49557522123894, "percent_statements_covered_display": "88"}, "missing_lines": [33, 37, 38, 39, 50, 52, 53, 54, 55, 58, 59, 62, 71], "excluded_lines": [], "start_line": 1}}}, "src/core/security.py": {"executed_lines": [1, 2, 3, 4, 5, 6, 8, 9, 10, 11, 12, 13, 15, 16, 17, 19, 20, 21, 22, 42, 52, 55, 64, 67, 78, 79, 80, 81, 82, 83, 84, 87, 93, 94, 95, 96, 99, 111, 119, 131, 139, 148, 157, 166, 175, 176, 179, 180, 181, 184, 185, 189, 192, 193, 198, 199, 205, 208, 209, 214, 215, 222, 223, 226, 238, 239, 240, 241, 242, 243, 244, 245, 246, 247, 250, 251, 258, 259, 260, 261, 262, 263, 264, 267, 268, 269, 270, 271, 272, 273, 274, 275, 276, 277, 280, 285, 286, 287, 289, 290, 295, 297, 298, 300, 301, 303, 304, 310, 311, 314, 315, 317, 318, 320, 321, 322, 325, 327, 328, 329, 333, 334, 336, 337, 338, 341, 347, 352, 353, 354, 355, 356, 357, 358, 359, 360, 363, 370, 371, 372, 373, 374, 376, 377, 378, 379, 380, 384, 385, 386, 389, 401, 402, 403, 404, 405, 406, 409, 421, 422, 423, 424, 425, 428, 434, 435, 436, 437, 438, 441, 454, 457, 467, 474, 480, 488, 494, 498, 499], "summary": {"covered_lines": 179, "num_statements": 182, "percent_covered": 98.35164835164835, "percent_covered_display": "98", "missing_lines": 3, "excluded_lines": 0, "percent_statements_covered": 98.35164835164835, "percent_statements_covered_display": "98"}, "missing_lines": [316, 319, 339], "excluded_lines": [], "functions": {"verify_password": {"executed_lines": [52], "summary": {"covered_lines": 1, "num_statements": 1, "percent_covered": 100.0, "percent_covered_display": "100", "missing_lines": 0, "excluded_lines": 0, "percent_statements_covered": 100.0, "percent_statements_covered_display": "100"}, "missing_lines": [], "excluded_lines": [], "start_line": 42}, "get_password_hash": {"executed_lines": [64], "summary": {"covered_lines": 1, "num_statements": 1, "percent_covered": 100.0, "percent_covered_display": "100", "missing_lines": 0, "excluded_lines": 0, "percent_statements_covered": 100.0, "percent_statements_covered_display": "100"}, "missing_lines": [], "excluded_lines": [], "start_line": 55}, "authenticate_user": {"executed_lines": [78, 79, 80, 81, 82, 83, 84], "summary": {"covered_lines": 7, "num_statements": 7, "percent_covered": 100.0, "percent_covered_display": "100", "missing_lines": 0, "excluded_lines": 0, "percent_statements_covered": 100.0, "percent_statements_covered_display": "100"}, "missing_lines": [], "excluded_lines": [], "start_line": 67}, "_encode_token": {"executed_lines": [93, 94, 95, 96], "summary": {"covered_lines": 4, "num_statements": 4, "percent_covered": 100.0, "percent_covered_display": "100", "missing_lines": 0, "excluded_lines": 0, "percent_statements_covered": 100.0, "percent_statements_covered_display": "100"}, "missing_lines": [], "excluded_lines": [], "start_line": 87}, "create_access_token": {"executed_lines": [111], "summary": {"covered_lines": 1, "num_statements": 1, "percent_covered": 100.0, "percent_covered_display": "100", "missing_lines": 0, "excluded_lines": 0, "percent_statements_covered": 100.0, "percent_statements_covered_display": "100"}, "missing_lines": [], "excluded_lines": [], "start_line": 99}, "create_refresh_token": {"executed_lines": [131], "summary": {"covered_lines": 1, "num_statements": 1, "percent_covered": 100.0, "percent_covered_display": "100", "missing_lines": 0, "excluded_lines": 0, "percent_statements_covered": 100.0, "percent_statements_covered_display": "100"}, "missing_lines": [], "excluded_lines": [], "start_line": 119}, "create_access_token_for_user": {"executed_lines": [148], "summary": {"covered_lines": 1, "num_statements": 1, "percent_covered": 100.0, "percent_covered_display": "100", "missing_lines": 0, "excluded_lines": 0, "percent_statements_covered": 100.0, "percent_statements_covered_display": "100"}, "missing_lines": [], "excluded_lines": [], "start_line": 139}, "create_refresh_token_for_user": {"executed_lines": [166], "summary": {"covered_lines": 1, "num_statements": 1, "percent_covered": 100.0, "percent_covered_display": "100", "missing_lines": 0, "excluded_lines": 0, "percent_statements_covered": 100.0, "percent_statements_covered_display": "100"}, "missing_lines": [], "excluded_lines": [], "start_line": 157}, "generate_secure_token": {"executed_lines": [176], "summary": {"covered_lines": 1, "num_statements": 1, "percent_covered": 100.0, "percent_covered_display": "100", "missing_lines": 0, "excluded_lines": 0, "percent_statements_covered": 100.0, "percent_statements_covered_display": "100"}, "missing_lines": [], "excluded_lines": [], "start_line": 175}, "_hash_token": {"executed_lines": [180, 181], "summary": {"covered_lines": 2, "num_statements": 2, "percent_covered": 100.0, "percent_covered_display": "100", "missing_lines": 0, "excluded_lines": 0, "percent_statements_covered": 100.0, "percent_statements_covered_display": "100"}, "missing_lines": [], "excluded_lines": [], "start_line": 179}, "_verify_token": {"executed_lines": [185], "summary": {"covered_lines": 1, "num_statements": 1, "percent_covered": 100.0, "percent_covered_display": "100", "missing_lines": 0, "excluded_lines": 0, "percent_statements_covered": 100.0, "percent_statements_covered_display": "100"}, "missing_lines": [], "excluded_lines": [], "start_line": 184}, "hash_password_reset_token": {"executed_lines": [193], "summary": {"covered_lines": 1, "num_statements": 1, "percent_covered": 100.0, "percent_covered_display": "100", "missing_lines": 0, "excluded_lines": 0, "percent_statements_covered": 100.0, "percent_statements_covered_display": "100"}, "missing_lines": [], "excluded_lines": [], "start_line": 192}, "verify_password_reset_token": {"executed_lines": [199], "summary": {"covered_lines": 1, "num_statements": 1, "percent_covered": 100.0, "percent_covered_display": "100", "missing_lines": 0, "excluded_lines": 0, "percent_statements_covered": 100.0, "percent_statements_covered_display": "100"}, "missing_lines": [], "excluded_lines": [], "start_line": 198}, "hash_email_verification_token": {"executed_lines": [209], "summary": {"covered_lines": 1, "num_statements": 1, "percent_covered": 100.0, "percent_covered_display": "100", "missing_lines": 0, "excluded_lines": 0, "percent_statements_covered": 100.0, "percent_statements_covered_display": "100"}, "missing_lines": [], "excluded_lines": [], "start_line": 208}, "verify_email_verification_token": {"executed_lines": [215], "summary": {"covered_lines": 1, "num_statements": 1, "percent_covered": 100.0, "percent_covered_display": "100", "missing_lines": 0, "excluded_lines": 0, "percent_statements_covered": 100.0, "percent_statements_covered_display": "100"}, "missing_lines": [], "excluded_lines": [], "start_line": 214}, "_decode_token_payload": {"executed_lines": [223], "summary": {"covered_lines": 1, "num_statements": 1, "percent_covered": 100.0, "percent_covered_display": "100", "missing_lines": 0, "excluded_lines": 0, "percent_statements_covered": 100.0, "percent_statements_covered_display": "100"}, "missing_lines": [], "excluded_lines": [], "start_line": 222}, "decode_token": {"executed_lines": [238, 239, 240, 241, 242, 243, 244, 245, 246, 247], "summary": {"covered_lines": 10, "num_statements": 10, "percent_covered": 100.0, "percent_covered_display": "100", "missing_lines": 0, "excluded_lines": 0, "percent_statements_covered": 100.0, "percent_statements_covered_display": "100"}, "missing_lines": [], "excluded_lines": [], "start_line": 226}, "_credentials_exception": {"executed_lines": [251], "summary": {"covered_lines": 1, "num_statements": 1, "percent_covered": 100.0, "percent_covered_display": "100", "missing_lines": 0, "excluded_lines": 0, "percent_statements_covered": 100.0, "percent_statements_covered_display": "100"}, "missing_lines": [], "excluded_lines": [], "start_line": 250}, "_get_request_token": {"executed_lines": [259, 260, 261, 262, 263, 264], "summary": {"covered_lines": 6, "num_statements": 6, "percent_covered": 100.0, "percent_covered_display": "100", "missing_lines": 0, "excluded_lines": 0, "percent_statements_covered": 100.0, "percent_statements_covered_display": "100"}, "missing_lines": [], "excluded_lines": [], "start_line": 258}, "_request_path": {"executed_lines": [268, 269, 270, 271, 272, 273, 274, 275, 276, 277], "summary": {"covered_lines": 10, "num_statements": 10, "percent_covered": 100.0, "percent_covered_display": "100", "missing_lines": 0, "excluded_lines": 0, "percent_statements_covered": 100.0, "percent_statements_covered_display": "100"}, "missing_lines": [], "excluded_lines": [], "start_line": 267}, "_enforce_bearer_header_for_unsafe_cookie_auth": {"executed_lines": [285, 286, 287, 289, 290, 295, 297, 298, 300, 301, 303, 304], "summary": {"covered_lines": 12, "num_statements": 12, "percent_covered": 100.0, "percent_covered_display": "100", "missing_lines": 0, "excluded_lines": 0, "percent_statements_covered": 100.0, "percent_statements_covered_display": "100"}, "missing_lines": [], "excluded_lines": [], "start_line": 280}, "_get_refresh_cookie": {"executed_lines": [311], "summary": {"covered_lines": 1, "num_statements": 1, "percent_covered": 100.0, "percent_covered_display": "100", "missing_lines": 0, "excluded_lines": 0, "percent_statements_covered": 100.0, "percent_statements_covered_display": "100"}, "missing_lines": [], "excluded_lines": [], "start_line": 310}, "_is_allowed_origin": {"executed_lines": [315, 317, 318, 320, 321, 322], "summary": {"covered_lines": 6, "num_statements": 8, "percent_covered": 75.0, "percent_covered_display": "75", "missing_lines": 2, "excluded_lines": 0, "percent_statements_covered": 75.0, "percent_statements_covered_display": "75"}, "missing_lines": [316, 319], "excluded_lines": [], "start_line": 314}, "_enforce_cookie_request_origin": {"executed_lines": [327, 328, 329, 333, 334, 336, 337, 338, 341], "summary": {"covered_lines": 9, "num_statements": 10, "percent_covered": 90.0, "percent_covered_display": "90", "missing_lines": 1, "excluded_lines": 0, "percent_statements_covered": 90.0, "percent_statements_covered_display": "90"}, "missing_lines": [339], "excluded_lines": [], "start_line": 325}, "_validate_payload": {"executed_lines": [352, 353, 354, 355, 356, 357, 358, 359, 360], "summary": {"covered_lines": 9, "num_statements": 9, "percent_covered": 100.0, "percent_covered_display": "100", "missing_lines": 0, "excluded_lines": 0, "percent_statements_covered": 100.0, "percent_statements_covered_display": "100"}, "missing_lines": [], "excluded_lines": [], "start_line": 347}, "_resolve_user_from_token": {"executed_lines": [370, 371, 372, 373, 374, 376, 377, 378, 379, 380, 384, 385, 386], "summary": {"covered_lines": 13, "num_statements": 13, "percent_covered": 100.0, "percent_covered_display": "100", "missing_lines": 0, "excluded_lines": 0, "percent_statements_covered": 100.0, "percent_statements_covered_display": "100"}, "missing_lines": [], "excluded_lines": [], "start_line": 363}, "get_current_user": {"executed_lines": [401, 402, 403, 404, 405, 406], "summary": {"covered_lines": 6, "num_statements": 6, "percent_covered": 100.0, "percent_covered_display": "100", "missing_lines": 0, "excluded_lines": 0, "percent_statements_covered": 100.0, "percent_statements_covered_display": "100"}, "missing_lines": [], "excluded_lines": [], "start_line": 389}, "get_current_user_from_cookie_or_header": {"executed_lines": [421, 422, 423, 424, 425], "summary": {"covered_lines": 5, "num_statements": 5, "percent_covered": 100.0, "percent_covered_display": "100", "missing_lines": 0, "excluded_lines": 0, "percent_statements_covered": 100.0, "percent_statements_covered_display": "100"}, "missing_lines": [], "excluded_lines": [], "start_line": 409}, "get_refresh_user": {"executed_lines": [434, 435, 436, 437, 438], "summary": {"covered_lines": 5, "num_statements": 5, "percent_covered": 100.0, "percent_covered_display": "100", "missing_lines": 0, "excluded_lines": 0, "percent_statements_covered": 100.0, "percent_statements_covered_display": "100"}, "missing_lines": [], "excluded_lines": [], "start_line": 428}, "get_user_from_access_token": {"executed_lines": [454], "summary": {"covered_lines": 1, "num_statements": 1, "percent_covered": 100.0, "percent_covered_display": "100", "missing_lines": 0, "excluded_lines": 0, "percent_statements_covered": 100.0, "percent_statements_covered_display": "100"}, "missing_lines": [], "excluded_lines": [], "start_line": 441}, "set_auth_cookies": {"executed_lines": [467, 474, 480], "summary": {"covered_lines": 3, "num_statements": 3, "percent_covered": 100.0, "percent_covered_display": "100", "missing_lines": 0, "excluded_lines": 0, "percent_statements_covered": 100.0, "percent_statements_covered_display": "100"}, "missing_lines": [], "excluded_lines": [], "start_line": 457}, "clear_auth_cookies": {"executed_lines": [494, 498, 499], "summary": {"covered_lines": 3, "num_statements": 3, "percent_covered": 100.0, "percent_covered_display": "100", "missing_lines": 0, "excluded_lines": 0, "percent_statements_covered": 100.0, "percent_statements_covered_display": "100"}, "missing_lines": [], "excluded_lines": [], "start_line": 488}, "": {"executed_lines": [1, 2, 3, 4, 5, 6, 8, 9, 10, 11, 12, 13, 15, 16, 17, 19, 20, 21, 22, 42, 55, 67, 87, 99, 119, 139, 157, 175, 179, 184, 189, 192, 198, 205, 208, 214, 222, 226, 250, 258, 267, 280, 310, 314, 325, 347, 363, 389, 409, 428, 441, 457, 488], "summary": {"covered_lines": 53, "num_statements": 53, "percent_covered": 100.0, "percent_covered_display": "100", "missing_lines": 0, "excluded_lines": 0, "percent_statements_covered": 100.0, "percent_statements_covered_display": "100"}, "missing_lines": [], "excluded_lines": [], "start_line": 1}}, "classes": {"": {"executed_lines": [1, 2, 3, 4, 5, 6, 8, 9, 10, 11, 12, 13, 15, 16, 17, 19, 20, 21, 22, 42, 52, 55, 64, 67, 78, 79, 80, 81, 82, 83, 84, 87, 93, 94, 95, 96, 99, 111, 119, 131, 139, 148, 157, 166, 175, 176, 179, 180, 181, 184, 185, 189, 192, 193, 198, 199, 205, 208, 209, 214, 215, 222, 223, 226, 238, 239, 240, 241, 242, 243, 244, 245, 246, 247, 250, 251, 258, 259, 260, 261, 262, 263, 264, 267, 268, 269, 270, 271, 272, 273, 274, 275, 276, 277, 280, 285, 286, 287, 289, 290, 295, 297, 298, 300, 301, 303, 304, 310, 311, 314, 315, 317, 318, 320, 321, 322, 325, 327, 328, 329, 333, 334, 336, 337, 338, 341, 347, 352, 353, 354, 355, 356, 357, 358, 359, 360, 363, 370, 371, 372, 373, 374, 376, 377, 378, 379, 380, 384, 385, 386, 389, 401, 402, 403, 404, 405, 406, 409, 421, 422, 423, 424, 425, 428, 434, 435, 436, 437, 438, 441, 454, 457, 467, 474, 480, 488, 494, 498, 499], "summary": {"covered_lines": 179, "num_statements": 182, "percent_covered": 98.35164835164835, "percent_covered_display": "98", "missing_lines": 3, "excluded_lines": 0, "percent_statements_covered": 98.35164835164835, "percent_statements_covered_display": "98"}, "missing_lines": [316, 319, 339], "excluded_lines": [], "start_line": 1}}}, "src/db/base.py": {"executed_lines": [1, 4, 5], "summary": {"covered_lines": 3, "num_statements": 3, "percent_covered": 100.0, "percent_covered_display": "100", "missing_lines": 0, "excluded_lines": 0, "percent_statements_covered": 100.0, "percent_statements_covered_display": "100"}, "missing_lines": [], "excluded_lines": [], "functions": {"": {"executed_lines": [1, 4, 5], "summary": {"covered_lines": 3, "num_statements": 3, "percent_covered": 100.0, "percent_covered_display": "100", "missing_lines": 0, "excluded_lines": 0, "percent_statements_covered": 100.0, "percent_statements_covered_display": "100"}, "missing_lines": [], "excluded_lines": [], "start_line": 1}}, "classes": {"Base": {"executed_lines": [], "summary": {"covered_lines": 0, "num_statements": 0, "percent_covered": 100.0, "percent_covered_display": "100", "missing_lines": 0, "excluded_lines": 0, "percent_statements_covered": 100.0, "percent_statements_covered_display": "100"}, "missing_lines": [], "excluded_lines": [], "start_line": 4}, "": {"executed_lines": [1, 4, 5], "summary": {"covered_lines": 3, "num_statements": 3, "percent_covered": 100.0, "percent_covered_display": "100", "missing_lines": 0, "excluded_lines": 0, "percent_statements_covered": 100.0, "percent_statements_covered_display": "100"}, "missing_lines": [], "excluded_lines": [], "start_line": 1}}}, "src/db/bootstrap.py": {"executed_lines": [1, 2, 3, 5, 6, 8, 9, 10, 11, 12, 14, 15, 16, 17, 18, 32, 33, 34, 35, 36, 37, 40, 41, 42, 43, 44, 47, 54, 55, 56, 57, 59, 60, 61, 63, 64, 74, 75, 76, 79, 80, 85, 86, 90, 93, 94, 95, 96, 97, 99, 101, 125, 126, 127, 128, 129, 130, 131, 140, 142, 145, 146, 147, 150, 151, 152, 157, 159, 160, 161, 162, 164], "summary": {"covered_lines": 72, "num_statements": 76, "percent_covered": 94.73684210526316, "percent_covered_display": "95", "missing_lines": 4, "excluded_lines": 2, "percent_statements_covered": 94.73684210526316, "percent_statements_covered_display": "95"}, "missing_lines": [48, 49, 50, 51], "excluded_lines": [167, 168], "functions": {"build_alembic_config": {"executed_lines": [41, 42, 43, 44], "summary": {"covered_lines": 4, "num_statements": 4, "percent_covered": 100.0, "percent_covered_display": "100", "missing_lines": 0, "excluded_lines": 0, "percent_statements_covered": 100.0, "percent_statements_covered_display": "100"}, "missing_lines": [], "excluded_lines": [], "start_line": 40}, "_existing_public_tables": {"executed_lines": [], "summary": {"covered_lines": 0, "num_statements": 4, "percent_covered": 0.0, "percent_covered_display": "0", "missing_lines": 4, "excluded_lines": 0, "percent_statements_covered": 0.0, "percent_statements_covered_display": "0"}, "missing_lines": [48, 49, 50, 51], "excluded_lines": [], "start_line": 47}, "_ensure_supported_migration_state": {"executed_lines": [55, 56, 57, 59, 60, 61, 63, 64], "summary": {"covered_lines": 8, "num_statements": 8, "percent_covered": 100.0, "percent_covered_display": "100", "missing_lines": 0, "excluded_lines": 0, "percent_statements_covered": 100.0, "percent_statements_covered_display": "100"}, "missing_lines": [], "excluded_lines": [], "start_line": 54}, "run_migrations": {"executed_lines": [75, 76], "summary": {"covered_lines": 2, "num_statements": 2, "percent_covered": 100.0, "percent_covered_display": "100", "missing_lines": 0, "excluded_lines": 0, "percent_statements_covered": 100.0, "percent_statements_covered_display": "100"}, "missing_lines": [], "excluded_lines": [], "start_line": 74}, "_required_demo_passwords": {"executed_lines": [80, 85, 86, 90], "summary": {"covered_lines": 4, "num_statements": 4, "percent_covered": 100.0, "percent_covered_display": "100", "missing_lines": 0, "excluded_lines": 0, "percent_statements_covered": 100.0, "percent_statements_covered_display": "100"}, "missing_lines": [], "excluded_lines": [], "start_line": 79}, "ensure_default_users": {"executed_lines": [94, 95, 96, 97, 99, 101, 125, 126, 127, 128, 129, 130, 131, 140, 142], "summary": {"covered_lines": 15, "num_statements": 15, "percent_covered": 100.0, "percent_covered_display": "100", "missing_lines": 0, "excluded_lines": 0, "percent_statements_covered": 100.0, "percent_statements_covered_display": "100"}, "missing_lines": [], "excluded_lines": [], "start_line": 93}, "prepare_database": {"executed_lines": [146, 147], "summary": {"covered_lines": 2, "num_statements": 2, "percent_covered": 100.0, "percent_covered_display": "100", "missing_lines": 0, "excluded_lines": 0, "percent_statements_covered": 100.0, "percent_statements_covered_display": "100"}, "missing_lines": [], "excluded_lines": [], "start_line": 145}, "main": {"executed_lines": [151, 152, 157, 159, 160, 161, 162, 164], "summary": {"covered_lines": 8, "num_statements": 8, "percent_covered": 100.0, "percent_covered_display": "100", "missing_lines": 0, "excluded_lines": 0, "percent_statements_covered": 100.0, "percent_statements_covered_display": "100"}, "missing_lines": [], "excluded_lines": [], "start_line": 150}, "": {"executed_lines": [1, 2, 3, 5, 6, 8, 9, 10, 11, 12, 14, 15, 16, 17, 18, 32, 33, 34, 35, 36, 37, 40, 47, 54, 74, 79, 93, 145, 150], "summary": {"covered_lines": 29, "num_statements": 29, "percent_covered": 100.0, "percent_covered_display": "100", "missing_lines": 0, "excluded_lines": 2, "percent_statements_covered": 100.0, "percent_statements_covered_display": "100"}, "missing_lines": [], "excluded_lines": [167, 168], "start_line": 1}}, "classes": {"DefaultUserSpec": {"executed_lines": [], "summary": {"covered_lines": 0, "num_statements": 0, "percent_covered": 100.0, "percent_covered_display": "100", "missing_lines": 0, "excluded_lines": 0, "percent_statements_covered": 100.0, "percent_statements_covered_display": "100"}, "missing_lines": [], "excluded_lines": [], "start_line": 32}, "": {"executed_lines": [1, 2, 3, 5, 6, 8, 9, 10, 11, 12, 14, 15, 16, 17, 18, 32, 33, 34, 35, 36, 37, 40, 41, 42, 43, 44, 47, 54, 55, 56, 57, 59, 60, 61, 63, 64, 74, 75, 76, 79, 80, 85, 86, 90, 93, 94, 95, 96, 97, 99, 101, 125, 126, 127, 128, 129, 130, 131, 140, 142, 145, 146, 147, 150, 151, 152, 157, 159, 160, 161, 162, 164], "summary": {"covered_lines": 72, "num_statements": 76, "percent_covered": 94.73684210526316, "percent_covered_display": "95", "missing_lines": 4, "excluded_lines": 2, "percent_statements_covered": 94.73684210526316, "percent_statements_covered_display": "95"}, "missing_lines": [48, 49, 50, 51], "excluded_lines": [167, 168], "start_line": 1}}}, "src/db/models/__init__.py": {"executed_lines": [1, 2, 3, 4, 5, 6, 7, 8, 9, 11], "summary": {"covered_lines": 10, "num_statements": 10, "percent_covered": 100.0, "percent_covered_display": "100", "missing_lines": 0, "excluded_lines": 0, "percent_statements_covered": 100.0, "percent_statements_covered_display": "100"}, "missing_lines": [], "excluded_lines": [], "functions": {"": {"executed_lines": [1, 2, 3, 4, 5, 6, 7, 8, 9, 11], "summary": {"covered_lines": 10, "num_statements": 10, "percent_covered": 100.0, "percent_covered_display": "100", "missing_lines": 0, "excluded_lines": 0, "percent_statements_covered": 100.0, "percent_statements_covered_display": "100"}, "missing_lines": [], "excluded_lines": [], "start_line": 1}}, "classes": {"": {"executed_lines": [1, 2, 3, 4, 5, 6, 7, 8, 9, 11], "summary": {"covered_lines": 10, "num_statements": 10, "percent_covered": 100.0, "percent_covered_display": "100", "missing_lines": 0, "excluded_lines": 0, "percent_statements_covered": 100.0, "percent_statements_covered_display": "100"}, "missing_lines": [], "excluded_lines": [], "start_line": 1}}}, "src/db/models/audit.py": {"executed_lines": [1, 3, 4, 6, 7, 9, 10, 16, 17, 18, 26, 27, 30, 31, 32, 34], "summary": {"covered_lines": 16, "num_statements": 16, "percent_covered": 100.0, "percent_covered_display": "100", "missing_lines": 0, "excluded_lines": 2, "percent_statements_covered": 100.0, "percent_statements_covered_display": "100"}, "missing_lines": [], "excluded_lines": [12, 13], "functions": {"": {"executed_lines": [1, 3, 4, 6, 7, 9, 10, 16, 17, 18, 26, 27, 30, 31, 32, 34], "summary": {"covered_lines": 16, "num_statements": 16, "percent_covered": 100.0, "percent_covered_display": "100", "missing_lines": 0, "excluded_lines": 2, "percent_statements_covered": 100.0, "percent_statements_covered_display": "100"}, "missing_lines": [], "excluded_lines": [12, 13], "start_line": 1}}, "classes": {"AuditLog": {"executed_lines": [], "summary": {"covered_lines": 0, "num_statements": 0, "percent_covered": 100.0, "percent_covered_display": "100", "missing_lines": 0, "excluded_lines": 0, "percent_statements_covered": 100.0, "percent_statements_covered_display": "100"}, "missing_lines": [], "excluded_lines": [], "start_line": 16}, "": {"executed_lines": [1, 3, 4, 6, 7, 9, 10, 16, 17, 18, 26, 27, 30, 31, 32, 34], "summary": {"covered_lines": 16, "num_statements": 16, "percent_covered": 100.0, "percent_covered_display": "100", "missing_lines": 0, "excluded_lines": 2, "percent_statements_covered": 100.0, "percent_statements_covered_display": "100"}, "missing_lines": [], "excluded_lines": [12, 13], "start_line": 1}}}, "src/db/models/chat.py": {"executed_lines": [1, 3, 4, 6, 15, 16, 17, 19, 20, 28, 29, 30, 52, 53, 54, 57, 58, 59, 60, 63, 64, 65, 66, 67, 68, 71, 75, 78, 81, 84, 88, 89, 90, 92, 93, 94, 96, 97, 98], "summary": {"covered_lines": 39, "num_statements": 39, "percent_covered": 100.0, "percent_covered_display": "100", "missing_lines": 0, "excluded_lines": 4, "percent_statements_covered": 100.0, "percent_statements_covered_display": "100"}, "missing_lines": [], "excluded_lines": [22, 23, 24, 25], "functions": {"Chat.patient_age": {"executed_lines": [90], "summary": {"covered_lines": 1, "num_statements": 1, "percent_covered": 100.0, "percent_covered_display": "100", "missing_lines": 0, "excluded_lines": 0, "percent_statements_covered": 100.0, "percent_statements_covered_display": "100"}, "missing_lines": [], "excluded_lines": [], "start_line": 89}, "Chat.patient_gender": {"executed_lines": [94], "summary": {"covered_lines": 1, "num_statements": 1, "percent_covered": 100.0, "percent_covered_display": "100", "missing_lines": 0, "excluded_lines": 0, "percent_statements_covered": 100.0, "percent_statements_covered_display": "100"}, "missing_li
[...]
 "missing_lines": 0, "excluded_lines": 4, "percent_statements_covered": 100.0, "percent_statements_covered_display": "100"}, "missing_lines": [], "excluded_lines": [248, 249, 250, 260], "start_line": 242}, "RedisCache.set_sync": {"executed_lines": [271, 272, 273], "summary": {"covered_lines": 3, "num_statements": 3, "percent_covered": 100.0, "percent_covered_display": "100", "missing_lines": 0, "excluded_lines": 4, "percent_statements_covered": 100.0, "percent_statements_covered_display": "100"}, "missing_lines": [], "excluded_lines": [274, 275, 276, 286], "start_line": 262}, "RedisCache.delete_sync": {"executed_lines": [291, 292, 293], "summary": {"covered_lines": 3, "num_statements": 3, "percent_covered": 100.0, "percent_covered_display": "100", "missing_lines": 0, "excluded_lines": 4, "percent_statements_covered": 100.0, "percent_statements_covered_display": "100"}, "missing_lines": [], "excluded_lines": [294, 295, 296, 306], "start_line": 288}, "RedisCache.delete_pattern_sync": {"executed_lines": [311, 312, 313], "summary": {"covered_lines": 3, "num_statements": 3, "percent_covered": 100.0, "percent_covered_display": "100", "missing_lines": 0, "excluded_lines": 4, "percent_statements_covered": 100.0, "percent_statements_covered_display": "100"}, "missing_lines": [], "excluded_lines": [314, 315, 316, 326], "start_line": 308}, "CacheKeys.__init__": {"executed_lines": [332], "summary": {"covered_lines": 1, "num_statements": 1, "percent_covered": 100.0, "percent_covered_display": "100", "missing_lines": 0, "excluded_lines": 0, "percent_statements_covered": 100.0, "percent_statements_covered_display": "100"}, "missing_lines": [], "excluded_lines": [], "start_line": 331}, "CacheKeys.chat_list": {"executed_lines": [342, 343, 344], "summary": {"covered_lines": 3, "num_statements": 3, "percent_covered": 100.0, "percent_covered_display": "100", "missing_lines": 0, "excluded_lines": 0, "percent_statements_covered": 100.0, "percent_statements_covered_display": "100"}, "missing_lines": [], "excluded_lines": [], "start_line": 334}, "CacheKeys.chat_detail": {"executed_lines": [347], "summary": {"covered_lines": 1, "num_statements": 1, "percent_covered": 100.0, "percent_covered_display": "100", "missing_lines": 0, "excluded_lines": 0, "percent_statements_covered": 100.0, "percent_statements_covered_display": "100"}, "missing_lines": [], "excluded_lines": [], "start_line": 346}, "CacheKeys.chat_detail_pattern": {"executed_lines": [350], "summary": {"covered_lines": 1, "num_statements": 1, "percent_covered": 100.0, "percent_covered_display": "100", "missing_lines": 0, "excluded_lines": 0, "percent_statements_covered": 100.0, "percent_statements_covered_display": "100"}, "missing_lines": [], "excluded_lines": [], "start_line": 349}, "CacheKeys.chat_list_pattern": {"executed_lines": [353], "summary": {"covered_lines": 1, "num_statements": 1, "percent_covered": 100.0, "percent_covered_display": "100", "missing_lines": 0, "excluded_lines": 0, "percent_statements_covered": 100.0, "percent_statements_covered_display": "100"}, "missing_lines": [], "excluded_lines": [], "start_line": 352}, "CacheKeys.user_profile": {"executed_lines": [356], "summary": {"covered_lines": 1, "num_statements": 1, "percent_covered": 100.0, "percent_covered_display": "100", "missing_lines": 0, "excluded_lines": 0, "percent_statements_covered": 100.0, "percent_statements_covered_display": "100"}, "missing_lines": [], "excluded_lines": [], "start_line": 355}, "CacheKeys.specialist_queue": {"executed_lines": [359, 360], "summary": {"covered_lines": 2, "num_statements": 2, "percent_covered": 100.0, "percent_covered_display": "100", "missing_lines": 0, "excluded_lines": 0, "percent_statements_covered": 100.0, "percent_statements_covered_display": "100"}, "missing_lines": [], "excluded_lines": [], "start_line": 358}, "CacheKeys.specialist_queue_pattern": {"executed_lines": [363], "summary": {"covered_lines": 1, "num_statements": 1, "percent_covered": 100.0, "percent_covered_display": "100", "missing_lines": 0, "excluded_lines": 0, "percent_statements_covered": 100.0, "percent_statements_covered_display": "100"}, "missing_lines": [], "excluded_lines": [], "start_line": 362}, "CacheKeys.specialist_assigned": {"executed_lines": [366], "summary": {"covered_lines": 1, "num_statements": 1, "percent_covered": 100.0, "percent_covered_display": "100", "missing_lines": 0, "excluded_lines": 0, "percent_statements_covered": 100.0, "percent_statements_covered_display": "100"}, "missing_lines": [], "excluded_lines": [], "start_line": 365}, "CacheKeys.specialist_assigned_pattern": {"executed_lines": [369, 370, 371], "summary": {"covered_lines": 3, "num_statements": 3, "percent_covered": 100.0, "percent_covered_display": "100", "missing_lines": 0, "excluded_lines": 0, "percent_statements_covered": 100.0, "percent_statements_covered_display": "100"}, "missing_lines": [], "excluded_lines": [], "start_line": 368}, "CacheKeys.admin_stats": {"executed_lines": [374], "summary": {"covered_lines": 1, "num_statements": 1, "percent_covered": 100.0, "percent_covered_display": "100", "missing_lines": 0, "excluded_lines": 0, "percent_statements_covered": 100.0, "percent_statements_covered_display": "100"}, "missing_lines": [], "excluded_lines": [], "start_line": 373}, "CacheKeys.admin_chat_list": {"executed_lines": [386], "summary": {"covered_lines": 1, "num_statements": 1, "percent_covered": 100.0, "percent_covered_display": "100", "missing_lines": 0, "excluded_lines": 0, "percent_statements_covered": 100.0, "percent_statements_covered_display": "100"}, "missing_lines": [], "excluded_lines": [], "start_line": 376}, "CacheKeys.admin_chat_list_pattern": {"executed_lines": [393], "summary": {"covered_lines": 1, "num_statements": 1, "percent_covered": 100.0, "percent_covered_display": "100", "missing_lines": 0, "excluded_lines": 0, "percent_statements_covered": 100.0, "percent_statements_covered_display": "100"}, "missing_lines": [], "excluded_lines": [], "start_line": 392}, "CacheKeys.admin_chat_detail": {"executed_lines": [396], "summary": {"covered_lines": 1, "num_statements": 1, "percent_covered": 100.0, "percent_covered_display": "100", "missing_lines": 0, "excluded_lines": 0, "percent_statements_covered": 100.0, "percent_statements_covered_display": "100"}, "missing_lines": [], "excluded_lines": [], "start_line": 395}, "CacheKeys.admin_chat_detail_pattern": {"executed_lines": [399, 400, 401], "summary": {"covered_lines": 3, "num_statements": 3, "percent_covered": 100.0, "percent_covered_display": "100", "missing_lines": 0, "excluded_lines": 0, "percent_statements_covered": 100.0, "percent_statements_covered_display": "100"}, "missing_lines": [], "excluded_lines": [], "start_line": 398}, "CacheKeys.admin_audit_logs": {"executed_lines": [414], "summary": {"covered_lines": 1, "num_statements": 1, "percent_covered": 100.0, "percent_covered_display": "100", "missing_lines": 0, "excluded_lines": 0, "percent_statements_covered": 100.0, "percent_statements_covered_display": "100"}, "missing_lines": [], "excluded_lines": [], "start_line": 403}, "CacheKeys.admin_audit_logs_pattern": {"executed_lines": [421], "summary": {"covered_lines": 1, "num_statements": 1, "percent_covered": 100.0, "percent_covered_display": "100", "missing_lines": 0, "excluded_lines": 0, "percent_statements_covered": 100.0, "percent_statements_covered_display": "100"}, "missing_lines": [], "excluded_lines": [], "start_line": 420}, "CacheKeys.notifications": {"executed_lines": [424, 425], "summary": {"covered_lines": 2, "num_statements": 2, "percent_covered": 100.0, "percent_covered_display": "100", "missing_lines": 0, "excluded_lines": 0, "percent_statements_covered": 100.0, "percent_statements_covered_display": "100"}, "missing_lines": [], "excluded_lines": [], "start_line": 423}, "CacheKeys.notifications_pattern": {"executed_lines": [428], "summary": {"covered_lines": 1, "num_statements": 1, "percent_covered": 100.0, "percent_covered_display": "100", "missing_lines": 0, "excluded_lines": 0, "percent_statements_covered": 100.0, "percent_statements_covered_display": "100"}, "missing_lines": [], "excluded_lines": [], "start_line": 427}, "CacheKeys.notifications_unread_count": {"executed_lines": [431], "summary": {"covered_lines": 1, "num_statements": 1, "percent_covered": 100.0, "percent_covered_display": "100", "missing_lines": 0, "excluded_lines": 0, "percent_statements_covered": 100.0, "percent_statements_covered_display": "100"}, "missing_lines": [], "excluded_lines": [], "start_line": 430}, "": {"executed_lines": [1, 2, 3, 4, 5, 6, 7, 8, 9, 11, 13, 15, 21, 22, 23, 26, 32, 48, 51, 69, 82, 83, 86, 93, 134, 175, 205, 242, 262, 288, 308, 330, 331, 334, 346, 349, 352, 355, 358, 362, 365, 368, 373, 376, 392, 395, 398, 403, 420, 423, 427, 430, 434, 435], "summary": {"covered_lines": 54, "num_statements": 54, "percent_covered": 100.0, "percent_covered_display": "100", "missing_lines": 0, "excluded_lines": 0, "percent_statements_covered": 100.0, "percent_statements_covered_display": "100"}, "missing_lines": [], "excluded_lines": [], "start_line": 1}}, "classes": {"RedisCache": {"executed_lines": [84, 87, 88, 89, 90, 91, 96, 97, 98, 102, 103, 104, 105, 106, 110, 111, 112, 121, 143, 144, 145, 149, 150, 151, 152, 153, 162, 178, 179, 180, 181, 182, 183, 192, 208, 209, 210, 211, 212, 213, 214, 216, 217, 218, 219, 220, 229, 245, 246, 247, 271, 272, 273, 291, 292, 293, 311, 312, 313], "summary": {"covered_lines": 59, "num_statements": 59, "percent_covered": 100.0, "percent_covered_display": "100", "missing_lines": 0, "excluded_lines": 28, "percent_statements_covered": 100.0, "percent_statements_covered_display": "100"}, "missing_lines": [], "excluded_lines": [122, 123, 132, 163, 164, 173, 193, 194, 203, 230, 231, 240, 248, 249, 250, 260, 274, 275, 276, 286, 294, 295, 296, 306, 314, 315, 316, 326], "start_line": 82}, "CacheKeys": {"executed_lines": [332, 342, 343, 344, 347, 350, 353, 356, 359, 360, 363, 366, 369, 370, 371, 374, 386, 393, 396, 399, 400, 401, 414, 421, 424, 425, 428, 431], "summary": {"covered_lines": 28, "num_statements": 28, "percent_covered": 100.0, "percent_covered_display": "100", "missing_lines": 0, "excluded_lines": 0, "percent_statements_covered": 100.0, "percent_statements_covered_display": "100"}, "missing_lines": [], "excluded_lines": [], "start_line": 330}, "": {"executed_lines": [1, 2, 3, 4, 5, 6, 7, 8, 9, 11, 13, 15, 21, 22, 23, 26, 27, 28, 29, 32, 34, 35, 36, 37, 38, 39, 40, 41, 42, 43, 44, 45, 48, 51, 53, 54, 55, 56, 57, 58, 59, 64, 65, 66, 69, 71, 72, 75, 76, 77, 78, 79, 82, 83, 86, 93, 134, 175, 205, 242, 262, 288, 308, 330, 331, 334, 346, 349, 352, 355, 358, 362, 365, 368, 373, 376, 392, 395, 398, 403, 420, 423, 427, 430, 434, 435], "summary": {"covered_lines": 86, "num_statements": 86, "percent_covered": 100.0, "percent_covered_display": "100", "missing_lines": 0, "excluded_lines": 0, "percent_statements_covered": 100.0, "percent_statements_covered_display": "100"}, "missing_lines": [], "excluded_lines": [], "start_line": 1}}}, "src/utils/sse.py": {"executed_lines": [21, 23, 24, 25, 26, 27, 28, 29, 31, 34, 35, 38, 39, 42, 43, 44, 46, 48, 51, 62, 64, 65, 67, 68, 69, 71, 73, 79, 81, 82, 83, 84, 85, 88, 93, 94, 95, 96, 97, 98, 99, 100, 102, 105, 106, 107, 108, 109, 110, 111, 112, 113, 114, 115, 117, 118, 119, 120, 121, 122, 123, 124, 125, 129, 131, 132, 133, 134, 135, 136, 137, 138, 144, 151, 152, 153, 154, 157, 158, 159, 160, 161, 163, 165, 166, 168, 169, 170, 171, 172, 178, 184, 185, 186, 187, 188, 189, 190, 191, 194, 196, 198, 199, 200, 201, 205, 206, 207, 208, 211, 212, 217, 218, 219, 220, 221, 223, 225, 226, 227, 229, 231, 232, 233, 234, 235, 239, 241, 242, 243, 244, 245, 246, 250, 253, 256, 267, 268, 269, 270, 271, 272, 276, 277, 278, 280, 281, 283], "summary": {"covered_lines": 148, "num_statements": 148, "percent_covered": 100.0, "percent_covered_display": "100", "missing_lines": 0, "excluded_lines": 0, "percent_statements_covered": 100.0, "percent_statements_covered_display": "100"}, "missing_lines": [], "excluded_lines": [], "functions": {"SSEEvent.encode": {"executed_lines": [48], "summary": {"covered_lines": 1, "num_statements": 1, "percent_covered": 100.0, "percent_covered_display": "100", "missing_lines": 0, "excluded_lines": 0, "percent_statements_covered": 100.0, "percent_statements_covered_display": "100"}, "missing_lines": [], "excluded_lines": [], "start_line": 46}, "_ChatEventBus.__init__": {"executed_lines": [64, 65, 67, 68, 69, 71, 73], "summary": {"covered_lines": 7, "num_statements": 7, "percent_covered": 100.0, "percent_covered_display": "100", "missing_lines": 0, "excluded_lines": 0, "percent_statements_covered": 100.0, "percent_statements_covered_display": "100"}, "missing_lines": [], "excluded_lines": [], "start_line": 62}, "_ChatEventBus.subscribe": {"executed_lines": [82, 83, 84, 85, 88, 93, 94, 95, 96, 97, 98, 99, 100], "summary": {"covered_lines": 13, "num_statements": 13, "percent_covered": 100.0, "percent_covered_display": "100", "missing_lines": 0, "excluded_lines": 0, "percent_statements_covered": 100.0, "percent_statements_covered_display": "100"}, "missing_lines": [], "excluded_lines": [], "start_line": 81}, "_ChatEventBus.unsubscribe": {"executed_lines": [105, 106, 107, 108, 109, 110, 111, 112, 113, 114, 115], "summary": {"covered_lines": 11, "num_statements": 11, "percent_covered": 100.0, "percent_covered_display": "100", "missing_lines": 0, "excluded_lines": 0, "percent_statements_covered": 100.0, "percent_statements_covered_display": "100"}, "missing_lines": [], "excluded_lines": [], "start_line": 102}, "_ChatEventBus.publish": {"executed_lines": [118, 119, 120, 121, 122, 123, 124, 125], "summary": {"covered_lines": 8, "num_statements": 8, "percent_covered": 100.0, "percent_covered_display": "100", "missing_lines": 0, "excluded_lines": 0, "percent_statements_covered": 100.0, "percent_statements_covered_display": "100"}, "missing_lines": [], "excluded_lines": [], "start_line": 117}, "_ChatEventBus.close_chat": {"executed_lines": [131, 132, 133, 134, 135, 136, 137, 138], "summary": {"covered_lines": 8, "num_statements": 8, "percent_covered": 100.0, "percent_covered_display": "100", "missing_lines": 0, "excluded_lines": 0, "percent_statements_covered": 100.0, "percent_statements_covered_display": "100"}, "missing_lines": [], "excluded_lines": [], "start_line": 129}, "_ChatEventBus.publish_threadsafe": {"executed_lines": [151, 152, 153, 154, 157, 158, 159, 160, 161], "summary": {"covered_lines": 9, "num_statements": 9, "percent_covered": 100.0, "percent_covered_display": "100", "missing_lines": 0, "excluded_lines": 0, "percent_statements_covered": 100.0, "percent_statements_covered_display": "100"}, "missing_lines": [], "excluded_lines": [], "start_line": 144}, "_ChatEventBus.close_chat_threadsafe": {"executed_lines": [165, 166, 168, 169, 170, 171, 172], "summary": {"covered_lines": 7, "num_statements": 7, "percent_covered": 100.0, "percent_covered_display": "100", "missing_lines": 0, "excluded_lines": 0, "percent_statements_covered": 100.0, "percent_statements_covered_display": "100"}, "missing_lines": [], "excluded_lines": [], "start_line": 163}, "_ChatEventBus._update_buffer": {"executed_lines": [184, 185, 186, 187, 188, 189, 190, 191, 194], "summary": {"covered_lines": 9, "num_statements": 9, "percent_covered": 100.0, "percent_covered_display": "100", "missing_lines": 0, "excluded_lines": 0, "percent_statements_covered": 100.0, "percent_statements_covered_display": "100"}, "missing_lines": [], "excluded_lines": [], "start_line": 178}, "_ChatEventBus._cleanup_expired_buffers": {"executed_lines": [198, 199, 200, 201, 205, 206, 207, 208, 211, 212, 217, 218, 219, 220, 221], "summary": {"covered_lines": 15, "num_statements": 15, "percent_covered": 100.0, "percent_covered_display": "100", "missing_lines": 0, "excluded_lines": 0, "percent_statements_covered": 100.0, "percent_statements_covered_display": "100"}, "missing_lines": [], "excluded_lines": [], "start_line": 196}, "_ChatEventBus._clear_buffer": {"executed_lines": [225, 226, 227], "summary": {"covered_lines": 3, "num_statements": 3, "percent_covered": 100.0, "percent_covered_display": "100", "missing_lines": 0, "excluded_lines": 0, "percent_statements_covered": 100.0, "percent_statements_covered_display": "100"}, "missing_lines": [], "excluded_lines": [], "start_line": 223}, "_ChatEventBus._sync_put": {"executed_lines": [231, 232, 233, 234, 235], "summary": {"covered_lines": 5, "num_statements": 5, "percent_covered": 100.0, "percent_covered_display": "100", "missing_lines": 0, "excluded_lines": 0, "percent_statements_covered": 100.0, "percent_statements_covered_display": "100"}, "missing_lines": [], "excluded_lines": [], "start_line": 229}, "_ChatEventBus._sync_close": {"executed_lines": [241, 242, 243, 244, 245, 246], "summary": {"covered_lines": 6, "num_statements": 6, "percent_covered": 100.0, "percent_covered_display": "100", "missing_lines": 0, "excluded_lines": 0, "percent_statements_covered": 100.0, "percent_statements_covered_display": "100"}, "missing_lines": [], "excluded_lines": [], "start_line": 239}, "sse_event_generator": {"executed_lines": [267, 268, 269, 270, 271, 272, 276, 277, 278, 280, 281, 283], "summary": {"covered_lines": 12, "num_statements": 12, "percent_covered": 100.0, "percent_covered_display": "100", "missing_lines": 0, "excluded_lines": 0, "percent_statements_covered": 100.0, "percent_statements_covered_display": "100"}, "missing_lines": [], "excluded_lines": [], "start_line": 256}, "": {"executed_lines": [21, 23, 24, 25, 26, 27, 28, 29, 31, 34, 35, 38, 39, 42, 43, 44, 46, 51, 62, 79, 81, 102, 117, 129, 144, 163, 178, 196, 223, 229, 239, 250, 253, 256], "summary": {"covered_lines": 34, "num_statements": 34, "percent_covered": 100.0, "percent_covered_display": "100", "missing_lines": 0, "excluded_lines": 0, "percent_statements_covered": 100.0, "percent_statements_covered_display": "100"}, "missing_lines": [], "excluded_lines": [], "start_line": 1}}, "classes": {"SSEEvent": {"executed_lines": [48], "summary": {"covered_lines": 1, "num_statements": 1, "percent_covered": 100.0, "percent_covered_display": "100", "missing_lines": 0, "excluded_lines": 0, "percent_statements_covered": 100.0, "percent_statements_covered_display": "100"}, "missing_lines": [], "excluded_lines": [], "start_line": 39}, "_ChatEventBus": {"executed_lines": [64, 65, 67, 68, 69, 71, 73, 82, 83, 84, 85, 88, 93, 94, 95, 96, 97, 98, 99, 100, 105, 106, 107, 108, 109, 110, 111, 112, 113, 114, 115, 118, 119, 120, 121, 122, 123, 124, 125, 131, 132, 133, 134, 135, 136, 137, 138, 151, 152, 153, 154, 157, 158, 159, 160, 161, 165, 166, 168, 169, 170, 171, 172, 184, 185, 186, 187, 188, 189, 190, 191, 194, 198, 199, 200, 201, 205, 206, 207, 208, 211, 212, 217, 218, 219, 220, 221, 225, 226, 227, 231, 232, 233, 234, 235, 241, 242, 243, 244, 245, 246], "summary": {"covered_lines": 101, "num_statements": 101, "percent_covered": 100.0, "percent_covered_display": "100", "missing_lines": 0, "excluded_lines": 0, "percent_statements_covered": 100.0, "percent_statements_covered_display": "100"}, "missing_lines": [], "excluded_lines": [], "start_line": 51}, "": {"executed_lines": [21, 23, 24, 25, 26, 27, 28, 29, 31, 34, 35, 38, 39, 42, 43, 44, 46, 51, 62, 79, 81, 102, 117, 129, 144, 163, 178, 196, 223, 229, 239, 250, 253, 256, 267, 268, 269, 270, 271, 272, 276, 277, 278, 280, 281, 283], "summary": {"covered_lines": 46, "num_statements": 46, "percent_covered": 100.0, "percent_covered_display": "100", "missing_lines": 0, "excluded_lines": 0, "percent_statements_covered": 100.0, "percent_statements_covered_display": "100"}, "missing_lines": [], "excluded_lines": [], "start_line": 1}}}}, "totals": {"covered_lines": 3292, "num_statements": 3329, "percent_covered": 98.88855512165816, "percent_covered_display": "99", "missing_lines": 37, "excluded_lines": 66, "percent_statements_covered": 98.88855512165816, "percent_statements_covered_display": "99"}}